This file contains any messages produced by compilers while
running configure, to aid debugging if configure makes a mistake.

It was created by lush configure 1.0, which was
generated by GNU Autoconf 2.61.  Invocation command line was

  $ ./configure 

## --------- ##
## Platform. ##
## --------- ##

hostname = zemac
uname -m = x86_64
uname -r = 3.0.0-13-generic
uname -s = Linux
uname -v = #22-Ubuntu SMP Wed Nov 2 13:27:26 UTC 2011

/usr/bin/uname -p = unknown
/bin/uname -X     = unknown

/bin/arch              = unknown
/usr/bin/arch -k       = unknown
/usr/convex/getsysinfo = unknown
/usr/bin/hostinfo      = unknown
/bin/machine           = unknown
/usr/bin/oslevel       = unknown
/bin/universe          = unknown

PATH: /home/yann/bin
PATH: /usr/lib/lightdm/lightdm
PATH: /usr/local/sbin
PATH: /usr/local/bin
PATH: /usr/sbin
PATH: /usr/bin
PATH: /sbin
PATH: /bin
PATH: /usr/games


## ----------- ##
## Core tests. ##
## ----------- ##

configure:1817: checking build system type
configure:1835: result: x86_64-unknown-linux-gnu
configure:1857: checking host system type
configure:1872: result: x86_64-unknown-linux-gnu
configure:2098: checking whether make sets $(MAKE)
configure:2119: result: yes
configure:2177: checking for gcc
configure:2193: found /usr/bin/gcc
configure:2204: result: gcc
configure:2442: checking for C compiler version
configure:2449: gcc --version >&5
gcc (Ubuntu/Linaro 4.6.1-9ubuntu3) 4.6.1
Copyright (C) 2011 Free Software Foundation, Inc.
This is free software; see the source for copying conditions.  There is NO
warranty; not even for MERCHANTABILITY or FITNESS FOR A PARTICULAR PURPOSE.

configure:2452: $? = 0
configure:2459: gcc -v >&5
Using built-in specs.
COLLECT_GCC=gcc
COLLECT_LTO_WRAPPER=/usr/lib/gcc/x86_64-linux-gnu/4.6.1/lto-wrapper
Target: x86_64-linux-gnu
Configured with: ../src/configure -v --with-pkgversion='Ubuntu/Linaro 4.6.1-9ubuntu3' --with-bugurl=file:///usr/share/doc/gcc-4.6/README.Bugs --enable-languages=c,c++,fortran,objc,obj-c++,go --prefix=/usr --program-suffix=-4.6 --enable-shared --enable-linker-build-id --with-system-zlib --libexecdir=/usr/lib --without-included-gettext --enable-threads=posix --with-gxx-include-dir=/usr/include/c++/4.6 --libdir=/usr/lib --enable-nls --with-sysroot=/ --enable-clocale=gnu --enable-libstdcxx-debug --enable-libstdcxx-time=yes --enable-plugin --enable-objc-gc --disable-werror --with-arch-32=i686 --with-tune=generic --enable-checking=release --build=x86_64-linux-gnu --host=x86_64-linux-gnu --target=x86_64-linux-gnu
Thread model: posix
gcc version 4.6.1 (Ubuntu/Linaro 4.6.1-9ubuntu3) 
configure:2462: $? = 0
configure:2469: gcc -V >&5
gcc: error: unrecognized option '-V'
gcc: fatal error: no input files
compilation terminated.
configure:2472: $? = 4
configure:2495: checking for C compiler default output file name
configure:2522: gcc    conftest.c  >&5
configure:2525: $? = 0
configure:2563: result: a.out
configure:2580: checking whether the C compiler works
configure:2590: ./a.out
configure:2593: $? = 0
configure:2610: result: yes
configure:2617: checking whether we are cross compiling
configure:2619: result: no
configure:2622: checking for suffix of executables
configure:2629: gcc -o conftest    conftest.c  >&5
configure:2632: $? = 0
configure:2656: result: 
configure:2662: checking for suffix of object files
configure:2688: gcc -c   conftest.c >&5
configure:2691: $? = 0
configure:2714: result: o
configure:2718: checking whether we are using the GNU C compiler
configure:2747: gcc -c   conftest.c >&5
configure:2753: $? = 0
configure:2770: result: yes
configure:2775: checking whether gcc accepts -g
configure:2805: gcc -c -g  conftest.c >&5
configure:2811: $? = 0
configure:2910: result: yes
configure:2927: checking for gcc option to accept ISO C89
configure:3001: gcc  -c -g -O2  conftest.c >&5
configure:3007: $? = 0
configure:3030: result: none needed
configure:3049: checking whether the compiler supports complex numbers
configure:3084: gcc -c -g -O2  conftest.c >&5
configure:3090: $? = 0
configure:3112: result: yes
configure:3166: checking if gcc accepts -Wall
configure:3170: result: yes
configure:3183: checking if gcc accepts -O3
configure:3187: result: yes
configure:3216: WARNING: guessing cpu nocona (override with --with-cpu=cpuname.)
configure:3222: checking if gcc accepts -march=nocona
configure:3226: result: yes
configure:3358: checking for g++
configure:3374: found /usr/bin/g++
configure:3385: result: g++
configure:3416: checking for C++ compiler version
configure:3423: g++ --version >&5
g++ (Ubuntu/Linaro 4.6.1-9ubuntu3) 4.6.1
Copyright (C) 2011 Free Software Foundation, Inc.
This is free software; see the source for copying conditions.  There is NO
warranty; not even for MERCHANTABILITY or FITNESS FOR A PARTICULAR PURPOSE.

configure:3426: $? = 0
configure:3433: g++ -v >&5
Using built-in specs.
COLLECT_GCC=g++
COLLECT_LTO_WRAPPER=/usr/lib/gcc/x86_64-linux-gnu/4.6.1/lto-wrapper
Target: x86_64-linux-gnu
Configured with: ../src/configure -v --with-pkgversion='Ubuntu/Linaro 4.6.1-9ubuntu3' --with-bugurl=file:///usr/share/doc/gcc-4.6/README.Bugs --enable-languages=c,c++,fortran,objc,obj-c++,go --prefix=/usr --program-suffix=-4.6 --enable-shared --enable-linker-build-id --with-system-zlib --libexecdir=/usr/lib --without-included-gettext --enable-threads=posix --with-gxx-include-dir=/usr/include/c++/4.6 --libdir=/usr/lib --enable-nls --with-sysroot=/ --enable-clocale=gnu --enable-libstdcxx-debug --enable-libstdcxx-time=yes --enable-plugin --enable-objc-gc --disable-werror --with-arch-32=i686 --with-tune=generic --enable-checking=release --build=x86_64-linux-gnu --host=x86_64-linux-gnu --target=x86_64-linux-gnu
Thread model: posix
gcc version 4.6.1 (Ubuntu/Linaro 4.6.1-9ubuntu3) 
configure:3436: $? = 0
configure:3443: g++ -V >&5
g++: error: unrecognized option '-V'
g++: fatal error: no input files
compilation terminated.
configure:3446: $? = 4
configure:3449: checking whether we are using the GNU C++ compiler
configure:3478: g++ -c   conftest.cpp >&5
configure:3484: $? = 0
configure:3501: result: yes
configure:3506: checking whether g++ accepts -g
configure:3536: g++ -c -g  conftest.cpp >&5
configure:3542: $? = 0
configure:3641: result: yes
configure:3717: checking for g77
configure:3747: result: no
configure:3717: checking for xlf
configure:3747: result: no
configure:3717: checking for f77
configure:3747: result: no
configure:3717: checking for frt
configure:3747: result: no
configure:3717: checking for pgf77
configure:3747: result: no
configure:3717: checking for cf77
configure:3747: result: no
configure:3717: checking for fort77
configure:3747: result: no
configure:3717: checking for fl32
configure:3747: result: no
configure:3717: checking for af77
configure:3747: result: no
configure:3717: checking for xlf90
configure:3747: result: no
configure:3717: checking for f90
configure:3747: result: no
configure:3717: checking for pgf90
configure:3747: result: no
configure:3717: checking for pghpf
configure:3747: result: no
configure:3717: checking for epcf90
configure:3747: result: no
configure:3717: checking for gfortran
configure:3747: result: no
configure:3717: checking for g95
configure:3747: result: no
configure:3717: checking for xlf95
configure:3747: result: no
configure:3717: checking for f95
configure:3747: result: no
configure:3717: checking for fort
configure:3747: result: no
configure:3717: checking for ifort
configure:3747: result: no
configure:3717: checking for ifc
configure:3747: result: no
configure:3717: checking for efc
configure:3747: result: no
configure:3717: checking for pgf95
configure:3747: result: no
configure:3717: checking for lf95
configure:3747: result: no
configure:3717: checking for ftn
configure:3747: result: no
configure:3774: checking for Fortran 77 compiler version
configure:3781:  --version >&5
./configure: line 3782: --version: command not found
configure:3784: $? = 127
configure:3791:  -v >&5
./configure: line 3792: -v: command not found
configure:3794: $? = 127
configure:3801:  -V >&5
./configure: line 3802: -V: command not found
configure:3804: $? = 127
configure:3812: checking whether we are using the GNU Fortran 77 compiler
configure:3831:  -c  conftest.F >&5
./configure: line 3832: -c: command not found
configure:3837: $? = 127
configure: failed program was:
|       program main
| #ifndef __GNUC__
|        choke me
| #endif
| 
|       end
configure:3854: result: no
configure:3860: checking whether  accepts -g
configure:3877:  -c -g conftest.f >&5
./configure: line 3878: -c: command not found
configure:3883: $? = 127
configure: failed program was:
|       program main
| 
|       end
configure:3899: result: no
configure:3929: checking how to run the C preprocessor
configure:3969: gcc -E  conftest.c
configure:3975: $? = 0
configure:4006: gcc -E  conftest.c
conftest.c:9:28: fatal error: ac_nonexistent.h: No such file or directory
compilation terminated.
configure:4012: $? = 1
configure: failed program was:
| /* confdefs.h.  */
| #define PACKAGE_NAME "lush"
| #define PACKAGE_TARNAME "lush"
| #define PACKAGE_VERSION "1.0"
| #define PACKAGE_STRING "lush 1.0"
| #define PACKAGE_BUGREPORT ""
| #define HAVE_COMPLEX 1
| /* end confdefs.h.  */
| #include <ac_nonexistent.h>
configure:4045: result: gcc -E
configure:4074: gcc -E  conftest.c
configure:4080: $? = 0
configure:4111: gcc -E  conftest.c
conftest.c:9:28: fatal error: ac_nonexistent.h: No such file or directory
compilation terminated.
configure:4117: $? = 1
configure: failed program was:
| /* confdefs.h.  */
| #define PACKAGE_NAME "lush"
| #define PACKAGE_TARNAME "lush"
| #define PACKAGE_VERSION "1.0"
| #define PACKAGE_STRING "lush 1.0"
| #define PACKAGE_BUGREPORT ""
| #define HAVE_COMPLEX 1
| /* end confdefs.h.  */
| #include <ac_nonexistent.h>
configure:4168: checking for a BSD-compatible install
configure:4224: result: /usr/bin/install -c
configure:4278: checking for ranlib
configure:4294: found /usr/bin/ranlib
configure:4305: result: ranlib
configure:4331: checking whether ln -s works
configure:4335: result: yes
configure:4344: checking for mv
configure:4362: found /bin/mv
configure:4374: result: /bin/mv
configure:4384: checking for cp
configure:4402: found /bin/cp
configure:4414: result: /bin/cp
configure:4424: checking for rm
configure:4442: found /bin/rm
configure:4454: result: /bin/rm
configure:4464: checking for ar
configure:4482: found /usr/bin/ar
configure:4494: result: /usr/bin/ar
configure:4504: checking for touch
configure:4522: found /usr/bin/touch
configure:4534: result: /usr/bin/touch
configure:4544: checking for indent
configure:4562: found /usr/bin/indent
configure:4574: result: /usr/bin/indent
configure:4584: checking if /usr/bin/indent accepts GNU options
configure:4587: result: yes
configure:4603: checking for sqrt in -lm
configure:4638: gcc -o conftest    conftest.c -lm   >&5
conftest.c:16:6: warning: conflicting types for built-in function 'sqrt' [enabled by default]
configure:4644: $? = 0
configure:4662: result: yes
configure:4674: checking for dlopen in -ldl
configure:4709: gcc -o conftest    conftest.c -ldl  -lm  >&5
configure:4715: $? = 0
configure:4733: result: yes
configure:4745: checking for shl_load in -ldld
configure:4780: gcc -o conftest    conftest.c -ldld  -ldl -lm  >&5
/usr/bin/ld: cannot find -ldld
collect2: ld returned 1 exit status
configure:4786: $? = 1
configure: failed program was:
| /* confdefs.h.  */
| #define PACKAGE_NAME "lush"
| #define PACKAGE_TARNAME "lush"
| #define PACKAGE_VERSION "1.0"
| #define PACKAGE_STRING "lush 1.0"
| #define PACKAGE_BUGREPORT ""
| #define HAVE_COMPLEX 1
| #define HAVE_LIBM 1
| #define HAVE_LIBDL 1
| /* end confdefs.h.  */
| 
| /* Override any GCC internal prototype to avoid an error.
|    Use char because int might match the return type of a GCC
|    builtin and then its argument prototype would still apply.  */
| #ifdef __cplusplus
| extern "C"
| #endif
| char shl_load ();
| int
| main ()
| {
| return shl_load ();
|   ;
|   return 0;
| }
configure:4804: result: no
configure:4816: checking for openpty in -lutil
configure:4851: gcc -o conftest    conftest.c -lutil  -ldl -lm  >&5
configure:4857: $? = 0
configure:4875: result: yes
configure:4893: checking for NSLinkModule
configure:4949: gcc -o conftest    conftest.c -lutil -ldl -lm  >&5
/tmp/cc9eOFLl.o: In function `main':
conftest.c:(.text+0xa): undefined reference to `NSLinkModule'
collect2: ld returned 1 exit status
configure:4955: $? = 1
configure: failed program was:
| /* confdefs.h.  */
| #define PACKAGE_NAME "lush"
| #define PACKAGE_TARNAME "lush"
| #define PACKAGE_VERSION "1.0"
| #define PACKAGE_STRING "lush 1.0"
| #define PACKAGE_BUGREPORT ""
| #define HAVE_COMPLEX 1
| #define HAVE_LIBM 1
| #define HAVE_LIBDL 1
| #define HAVE_LIBUTIL 1
| /* end confdefs.h.  */
| /* Define NSLinkModule to an innocuous variant, in case <limits.h> declares NSLinkModule.
|    For example, HP-UX 11i <limits.h> declares gettimeofday.  */
| #define NSLinkModule innocuous_NSLinkModule
| 
| /* System header to define __stub macros and hopefully few prototypes,
|     which can conflict with char NSLinkModule (); below.
|     Prefer <limits.h> to <assert.h> if __STDC__ is defined, since
|     <limits.h> exists even on freestanding compilers.  */
| 
| #ifdef __STDC__
| # include <limits.h>
| #else
| # include <assert.h>
| #endif
| 
| #undef NSLinkModule
| 
| /* Override any GCC internal prototype to avoid an error.
|    Use char because int might match the return type of a GCC
|    builtin and then its argument prototype would still apply.  */
| #ifdef __cplusplus
| extern "C"
| #endif
| char NSLinkModule ();
| /* The GNU C library defines this for functions which it implements
|     to always fail with ENOSYS.  Some functions are actually named
|     something starting with __ and the normal name is an alias.  */
| #if defined __stub_NSLinkModule || defined __stub___NSLinkModule
| choke me
| #endif
| 
| int
| main ()
| {
| return NSLinkModule ();
|   ;
|   return 0;
| }
configure:4973: result: no
configure:4998: checking for xmalloc in -liberty
configure:5033: gcc -o conftest    conftest.c -liberty  -lutil -ldl -lm  >&5
configure:5039: $? = 0
configure:5057: result: yes
configure:5213: checking for grep that handles long lines and -e
configure:5287: result: /bin/grep
configure:5292: checking for egrep
configure:5370: result: /bin/grep -E
configure:5375: checking for ANSI C header files
configure:5405: gcc -c   conftest.c >&5
configure:5411: $? = 0
configure:5510: gcc -o conftest    conftest.c -liberty -lutil -ldl -lm  >&5
configure:5513: $? = 0
configure:5519: ./conftest
configure:5522: $? = 0
configure:5539: result: yes
configure:5563: checking for sys/types.h
configure:5584: gcc -c   conftest.c >&5
configure:5590: $? = 0
configure:5606: result: yes
configure:5563: checking for sys/stat.h
configure:5584: gcc -c   conftest.c >&5
configure:5590: $? = 0
configure:5606: result: yes
configure:5563: checking for stdlib.h
configure:5584: gcc -c   conftest.c >&5
configure:5590: $? = 0
configure:5606: result: yes
configure:5563: checking for string.h
configure:5584: gcc -c   conftest.c >&5
configure:5590: $? = 0
configure:5606: result: yes
configure:5563: checking for memory.h
configure:5584: gcc -c   conftest.c >&5
configure:5590: $? = 0
configure:5606: result: yes
configure:5563: checking for strings.h
configure:5584: gcc -c   conftest.c >&5
configure:5590: $? = 0
configure:5606: result: yes
configure:5563: checking for inttypes.h
configure:5584: gcc -c   conftest.c >&5
configure:5590: $? = 0
configure:5606: result: yes
configure:5563: checking for stdint.h
configure:5584: gcc -c   conftest.c >&5
configure:5590: $? = 0
configure:5606: result: yes
configure:5563: checking for unistd.h
configure:5584: gcc -c   conftest.c >&5
configure:5590: $? = 0
configure:5606: result: yes
configure:5628: checking bfd.h usability
configure:5645: gcc -c   conftest.c >&5
configure:5651: $? = 0
configure:5665: result: yes
configure:5669: checking bfd.h presence
configure:5684: gcc -E  conftest.c
configure:5690: $? = 0
configure:5704: result: yes
configure:5732: checking for bfd.h
configure:5739: result: yes
configure:5751: checking for bfd_init in -lbfd
configure:5786: gcc -o conftest    conftest.c -lbfd  -liberty -lutil -ldl -lm  >&5
configure:5792: $? = 0
configure:5810: result: yes
configure:5830: checking for dcgettext in -lintl
configure:5865: gcc -o conftest    conftest.c -lintl  -lbfd -liberty -lutil -ldl -lm  >&5
conftest.c:31:6: warning: conflicting types for built-in function 'dcgettext' [enabled by default]
/usr/bin/ld: cannot find -lintl
collect2: ld returned 1 exit status
configure:5871: $? = 1
configure: failed program was:
| /* confdefs.h.  */
| #define PACKAGE_NAME "lush"
| #define PACKAGE_TARNAME "lush"
| #define PACKAGE_VERSION "1.0"
| #define PACKAGE_STRING "lush 1.0"
| #define PACKAGE_BUGREPORT ""
| #define HAVE_COMPLEX 1
| #define HAVE_LIBM 1
| #define HAVE_LIBDL 1
| #define HAVE_LIBUTIL 1
| #define HAVE_LIBIBERTY 1
| #define STDC_HEADERS 1
| #define HAVE_SYS_TYPES_H 1
| #define HAVE_SYS_STAT_H 1
| #define HAVE_STDLIB_H 1
| #define HAVE_STRING_H 1
| #define HAVE_MEMORY_H 1
| #define HAVE_STRINGS_H 1
| #define HAVE_INTTYPES_H 1
| #define HAVE_STDINT_H 1
| #define HAVE_UNISTD_H 1
| #define HAVE_LIBBFD 1
| /* end confdefs.h.  */
| 
| /* Override any GCC internal prototype to avoid an error.
|    Use char because int might match the return type of a GCC
|    builtin and then its argument prototype would still apply.  */
| #ifdef __cplusplus
| extern "C"
| #endif
| char dcgettext ();
| int
| main ()
| {
| return dcgettext ();
|   ;
|   return 0;
| }
configure:5889: result: no
configure:5901: checking whether bfd works with -Bstatic
configure:5924: gcc -o conftest    conftest.c -Wl,-Bstatic -lbfd -liberty -Wl,-Bdynamic -lutil -ldl -lm >&5
/usr/lib/gcc/x86_64-linux-gnu/4.6.1/../../../../lib/libbfd.a(compress.o): In function `bfd_compress_section_contents':
/build/buildd/binutils-2.21.53.20110810/builddir-single/bfd/../../bfd/compress.c:100: undefined reference to `compressBound'
/build/buildd/binutils-2.21.53.20110810/builddir-single/bfd/../../bfd/compress.c:106: undefined reference to `compress'
/usr/lib/gcc/x86_64-linux-gnu/4.6.1/../../../../lib/libbfd.a(compress.o): In function `decompress_contents':
/build/buildd/binutils-2.21.53.20110810/builddir-single/bfd/../../bfd/compress.c:61: undefined reference to `inflateEnd'
/build/buildd/binutils-2.21.53.20110810/builddir-single/bfd/../../bfd/compress.c:49: undefined reference to `inflateInit_'
/build/buildd/binutils-2.21.53.20110810/builddir-single/bfd/../../bfd/compress.c:56: undefined reference to `inflate'
/build/buildd/binutils-2.21.53.20110810/builddir-single/bfd/../../bfd/compress.c:59: undefined reference to `inflateReset'
collect2: ld returned 1 exit status
configure:5930: $? = 1
configure: failed program was:
| /* confdefs.h.  */
| #define PACKAGE_NAME "lush"
| #define PACKAGE_TARNAME "lush"
| #define PACKAGE_VERSION "1.0"
| #define PACKAGE_STRING "lush 1.0"
| #define PACKAGE_BUGREPORT ""
| #define HAVE_COMPLEX 1
| #define HAVE_LIBM 1
| #define HAVE_LIBDL 1
| #define HAVE_LIBUTIL 1
| #define HAVE_LIBIBERTY 1
| #define STDC_HEADERS 1
| #define HAVE_SYS_TYPES_H 1
| #define HAVE_SYS_STAT_H 1
| #define HAVE_STDLIB_H 1
| #define HAVE_STRING_H 1
| #define HAVE_MEMORY_H 1
| #define HAVE_STRINGS_H 1
| #define HAVE_INTTYPES_H 1
| #define HAVE_STDINT_H 1
| #define HAVE_UNISTD_H 1
| #define HAVE_LIBBFD 1
| /* end confdefs.h.  */
| #include "bfd.h"
| int
| main ()
| {
| bfd_openr("junk1","default");
|   ;
|   return 0;
| }
configure:5946: result: no
configure:6001: checking whether bfd works alone
configure:6024: gcc -o conftest    conftest.c -lbfd -liberty -lutil -ldl -lm  >&5
configure:6030: $? = 0
configure:6046: result: yes
configure:6106: checking whether bfd_hash_table_init wants two arguments
configure:6129: gcc -c   conftest.c >&5
conftest.c: In function 'main':
conftest.c:28:8: error: too few arguments to function 'bfd_hash_table_init'
/usr/include/bfd.h:383:20: note: declared here
configure:6135: $? = 1
configure: failed program was:
| /* confdefs.h.  */
| #define PACKAGE_NAME "lush"
| #define PACKAGE_TARNAME "lush"
| #define PACKAGE_VERSION "1.0"
| #define PACKAGE_STRING "lush 1.0"
| #define PACKAGE_BUGREPORT ""
| #define HAVE_COMPLEX 1
| #define HAVE_LIBM 1
| #define HAVE_LIBDL 1
| #define HAVE_LIBUTIL 1
| #define HAVE_LIBIBERTY 1
| #define STDC_HEADERS 1
| #define HAVE_SYS_TYPES_H 1
| #define HAVE_SYS_STAT_H 1
| #define HAVE_STDLIB_H 1
| #define HAVE_STRING_H 1
| #define HAVE_MEMORY_H 1
| #define HAVE_STRINGS_H 1
| #define HAVE_INTTYPES_H 1
| #define HAVE_STDINT_H 1
| #define HAVE_UNISTD_H 1
| #define HAVE_LIBBFD 1
| /* end confdefs.h.  */
| #include "bfd.h"
| int
| main ()
| {
| struct bfd_hash_table t; bfd_hash_table_init(&t,(void*)0);
|   ;
|   return 0;
| }
configure:6149: result: no
configure:6189: checking for X
configure:6304: gcc -E  conftest.c
configure:6310: $? = 0
configure:6359: gcc -o conftest    conftest.c -lX11 -lbfd -liberty -lutil -ldl -lm  >&5
configure:6365: $? = 0
configure:6424: result: libraries , headers 
configure:6585: gcc -o conftest    conftest.c -lbfd -liberty -lutil -ldl -lm   -lX11 >&5
configure:6591: $? = 0
configure:6748: checking for gethostbyname
configure:6804: gcc -o conftest    conftest.c -lbfd -liberty -lutil -ldl -lm  >&5
configure:6810: $? = 0
configure:6827: result: yes
configure:6972: checking for connect
configure:7028: gcc -o conftest    conftest.c -lbfd -liberty -lutil -ldl -lm  >&5
configure:7034: $? = 0
configure:7051: result: yes
configure:7123: checking for remove
configure:7179: gcc -o conftest    conftest.c -lbfd -liberty -lutil -ldl -lm  >&5
configure:7185: $? = 0
configure:7202: result: yes
configure:7274: checking for shmat
configure:7330: gcc -o conftest    conftest.c -lbfd -liberty -lutil -ldl -lm  >&5
configure:7336: $? = 0
configure:7353: result: yes
configure:7434: checking for IceConnectionNumber in -lICE
configure:7469: gcc -o conftest    conftest.c -lICE  -lbfd -liberty -lutil -ldl -lm  >&5
configure:7475: $? = 0
configure:7493: result: yes
configure:7512: checking for pkg-config
configure:7530: found /usr/bin/pkg-config
configure:7542: result: /usr/bin/pkg-config
configure:7553: checking for library Xft
configure:7594: result: no
configure:7627: checking pthread.h usability
configure:7644: gcc -c   conftest.c >&5
configure:7650: $? = 0
configure:7664: result: yes
configure:7668: checking pthread.h presence
configure:7683: gcc -E  conftest.c
configure:7689: $? = 0
configure:7703: result: yes
configure:7731: checking for pthread.h
configure:7738: result: yes
configure:7872: checking for the pthreads library -lpthreads
configure:7915: gcc -o conftest     conftest.c -lpthreads -lbfd -liberty -lutil -ldl -lm  >&5
/usr/bin/ld: cannot find -lpthreads
collect2: ld returned 1 exit status
configure:7921: $? = 1
configure: failed program was:
| /* confdefs.h.  */
| #define PACKAGE_NAME "lush"
| #define PACKAGE_TARNAME "lush"
| #define PACKAGE_VERSION "1.0"
| #define PACKAGE_STRING "lush 1.0"
| #define PACKAGE_BUGREPORT ""
| #define HAVE_COMPLEX 1
| #define HAVE_LIBM 1
| #define HAVE_LIBDL 1
| #define HAVE_LIBUTIL 1
| #define HAVE_LIBIBERTY 1
| #define STDC_HEADERS 1
| #define HAVE_SYS_TYPES_H 1
| #define HAVE_SYS_STAT_H 1
| #define HAVE_STDLIB_H 1
| #define HAVE_STRING_H 1
| #define HAVE_MEMORY_H 1
| #define HAVE_STRINGS_H 1
| #define HAVE_INTTYPES_H 1
| #define HAVE_STDINT_H 1
| #define HAVE_UNISTD_H 1
| #define HAVE_LIBBFD 1
| /* end confdefs.h.  */
| #include <pthread.h>
| int
| main ()
| {
| pthread_t th; pthread_join(th, 0);
|                      pthread_attr_init(0); pthread_cleanup_push(0, 0);
|                      pthread_create(0,0,0,0); pthread_cleanup_pop(0);
|   ;
|   return 0;
| }
configure:7940: result: no
configure:7863: checking whether pthreads work without any flags
configure:7915: gcc -o conftest     conftest.c  -lbfd -liberty -lutil -ldl -lm  >&5
/tmp/ccNXa4MT.o: In function `main':
conftest.c:(.text+0x18): undefined reference to `pthread_join'
conftest.c:(.text+0x7e): undefined reference to `__pthread_register_cancel'
conftest.c:(.text+0x97): undefined reference to `pthread_create'
conftest.c:(.text+0xa6): undefined reference to `__pthread_unregister_cancel'
collect2: ld returned 1 exit status
configure:7921: $? = 1
configure: failed program was:
| /* confdefs.h.  */
| #define PACKAGE_NAME "lush"
| #define PACKAGE_TARNAME "lush"
| #define PACKAGE_VERSION "1.0"
| #define PACKAGE_STRING "lush 1.0"
| #define PACKAGE_BUGREPORT ""
| #define HAVE_COMPLEX 1
| #define HAVE_LIBM 1
| #define HAVE_LIBDL 1
| #define HAVE_LIBUTIL 1
| #define HAVE_LIBIBERTY 1
| #define STDC_HEADERS 1
| #define HAVE_SYS_TYPES_H 1
| #define HAVE_SYS_STAT_H 1
| #define HAVE_STDLIB_H 1
| #define HAVE_STRING_H 1
| #define HAVE_MEMORY_H 1
| #define HAVE_STRINGS_H 1
| #define HAVE_INTTYPES_H 1
| #define HAVE_STDINT_H 1
| #define HAVE_UNISTD_H 1
| #define HAVE_LIBBFD 1
| /* end confdefs.h.  */
| #include <pthread.h>
| int
| main ()
| {
| pthread_t th; pthread_join(th, 0);
|                      pthread_attr_init(0); pthread_cleanup_push(0, 0);
|                      pthread_create(0,0,0,0); pthread_cleanup_pop(0);
|   ;
|   return 0;
| }
configure:7940: result: no
configure:7867: checking whether pthreads work with -Kthread
configure:7915: gcc -o conftest  -Kthread   conftest.c  -lbfd -liberty -lutil -ldl -lm  >&5
gcc: error: unrecognized option '-Kthread'
configure:7921: $? = 1
configure: failed program was:
| /* confdefs.h.  */
| #define PACKAGE_NAME "lush"
| #define PACKAGE_TARNAME "lush"
| #define PACKAGE_VERSION "1.0"
| #define PACKAGE_STRING "lush 1.0"
| #define PACKAGE_BUGREPORT ""
| #define HAVE_COMPLEX 1
| #define HAVE_LIBM 1
| #define HAVE_LIBDL 1
| #define HAVE_LIBUTIL 1
| #define HAVE_LIBIBERTY 1
| #define STDC_HEADERS 1
| #define HAVE_SYS_TYPES_H 1
| #define HAVE_SYS_STAT_H 1
| #define HAVE_STDLIB_H 1
| #define HAVE_STRING_H 1
| #define HAVE_MEMORY_H 1
| #define HAVE_STRINGS_H 1
| #define HAVE_INTTYPES_H 1
| #define HAVE_STDINT_H 1
| #define HAVE_UNISTD_H 1
| #define HAVE_LIBBFD 1
| /* end confdefs.h.  */
| #include <pthread.h>
| int
| main ()
| {
| pthread_t th; pthread_join(th, 0);
|                      pthread_attr_init(0); pthread_cleanup_push(0, 0);
|                      pthread_create(0,0,0,0); pthread_cleanup_pop(0);
|   ;
|   return 0;
| }
configure:7940: result: no
configure:7867: checking whether pthreads work with -kthread
configure:7915: gcc -o conftest  -kthread   conftest.c  -lbfd -liberty -lutil -ldl -lm  >&5
gcc: error: unrecognized option '-kthread'
configure:7921: $? = 1
configure: failed program was:
| /* confdefs.h.  */
| #define PACKAGE_NAME "lush"
| #define PACKAGE_TARNAME "lush"
| #define PACKAGE_VERSION "1.0"
| #define PACKAGE_STRING "lush 1.0"
| #define PACKAGE_BUGREPORT ""
| #define HAVE_COMPLEX 1
| #define HAVE_LIBM 1
| #define HAVE_LIBDL 1
| #define HAVE_LIBUTIL 1
| #define HAVE_LIBIBERTY 1
| #define STDC_HEADERS 1
| #define HAVE_SYS_TYPES_H 1
| #define HAVE_SYS_STAT_H 1
| #define HAVE_STDLIB_H 1
| #define HAVE_STRING_H 1
| #define HAVE_MEMORY_H 1
| #define HAVE_STRINGS_H 1
| #define HAVE_INTTYPES_H 1
| #define HAVE_STDINT_H 1
| #define HAVE_UNISTD_H 1
| #define HAVE_LIBBFD 1
| /* end confdefs.h.  */
| #include <pthread.h>
| int
| main ()
| {
| pthread_t th; pthread_join(th, 0);
|                      pthread_attr_init(0); pthread_cleanup_push(0, 0);
|                      pthread_create(0,0,0,0); pthread_cleanup_pop(0);
|   ;
|   return 0;
| }
configure:7940: result: no
configure:7872: checking for the pthreads library -llthread
configure:7915: gcc -o conftest     conftest.c -llthread -lbfd -liberty -lutil -ldl -lm  >&5
/usr/bin/ld: cannot find -llthread
collect2: ld returned 1 exit status
configure:7921: $? = 1
configure: failed program was:
| /* confdefs.h.  */
| #define PACKAGE_NAME "lush"
| #define PACKAGE_TARNAME "lush"
| #define PACKAGE_VERSION "1.0"
| #define PACKAGE_STRING "lush 1.0"
| #define PACKAGE_BUGREPORT ""
| #define HAVE_COMPLEX 1
| #define HAVE_LIBM 1
| #define HAVE_LIBDL 1
| #define HAVE_LIBUTIL 1
| #define HAVE_LIBIBERTY 1
| #define STDC_HEADERS 1
| #define HAVE_SYS_TYPES_H 1
| #define HAVE_SYS_STAT_H 1
| #define HAVE_STDLIB_H 1
| #define HAVE_STRING_H 1
| #define HAVE_MEMORY_H 1
| #define HAVE_STRINGS_H 1
| #define HAVE_INTTYPES_H 1
| #define HAVE_STDINT_H 1
| #define HAVE_UNISTD_H 1
| #define HAVE_LIBBFD 1
| /* end confdefs.h.  */
| #include <pthread.h>
| int
| main ()
| {
| pthread_t th; pthread_join(th, 0);
|                      pthread_attr_init(0); pthread_cleanup_push(0, 0);
|                      pthread_create(0,0,0,0); pthread_cleanup_pop(0);
|   ;
|   return 0;
| }
configure:7940: result: no
configure:7867: checking whether pthreads work with -pthread
configure:7915: gcc -o conftest  -pthread   conftest.c  -lbfd -liberty -lutil -ldl -lm  >&5
configure:7921: $? = 0
configure:7940: result: yes
configure:7957: checking if more special flags are required for pthreads
configure:7964: result: no
configure:7990: checking for tputs in -lcurses
configure:8025: gcc -o conftest    conftest.c -lcurses  -lbfd -liberty -lutil -ldl -lm  >&5
configure:8031: $? = 0
configure:8049: result: yes
configure:8061: checking for readline in -lreadline
configure:8096: gcc -o conftest    conftest.c -lreadline  -lcurses -lbfd -liberty -lutil -ldl -lm  >&5
configure:8102: $? = 0
configure:8120: result: yes
configure:8132: checking for libiconv_open in -liconv
configure:8167: gcc -o conftest    conftest.c -liconv  -lreadline -lcurses -lbfd -liberty -lutil -ldl -lm  >&5
/usr/bin/ld: cannot find -liconv
collect2: ld returned 1 exit status
configure:8173: $? = 1
configure: failed program was:
| /* confdefs.h.  */
| #define PACKAGE_NAME "lush"
| #define PACKAGE_TARNAME "lush"
| #define PACKAGE_VERSION "1.0"
| #define PACKAGE_STRING "lush 1.0"
| #define PACKAGE_BUGREPORT ""
| #define HAVE_COMPLEX 1
| #define HAVE_LIBM 1
| #define HAVE_LIBDL 1
| #define HAVE_LIBUTIL 1
| #define HAVE_LIBIBERTY 1
| #define STDC_HEADERS 1
| #define HAVE_SYS_TYPES_H 1
| #define HAVE_SYS_STAT_H 1
| #define HAVE_STDLIB_H 1
| #define HAVE_STRING_H 1
| #define HAVE_MEMORY_H 1
| #define HAVE_STRINGS_H 1
| #define HAVE_INTTYPES_H 1
| #define HAVE_STDINT_H 1
| #define HAVE_UNISTD_H 1
| #define HAVE_LIBBFD 1
| #define HAVE_PTHREAD 1
| #define HAVE_LIBCURSES 1
| #define HAVE_LIBREADLINE 1
| /* end confdefs.h.  */
| 
| /* Override any GCC internal prototype to avoid an error.
|    Use char because int might match the return type of a GCC
|    builtin and then its argument prototype would still apply.  */
| #ifdef __cplusplus
| extern "C"
| #endif
| char libiconv_open ();
| int
| main ()
| {
| return libiconv_open ();
|   ;
|   return 0;
| }
configure:8191: result: no
configure:8209: checking for ANSI C header files
configure:8373: result: yes
configure:8391: checking for dirent.h that defines DIR
configure:8420: gcc -c   conftest.c >&5
configure:8426: $? = 0
configure:8442: result: yes
configure:8455: checking for library containing opendir
configure:8496: gcc -o conftest    conftest.c -lreadline -lcurses -lbfd -liberty -lutil -ldl -lm  >&5
configure:8502: $? = 0
configure:8530: result: none required
configure:8624: checking whether time.h and sys/time.h may both be included
configure:8654: gcc -c   conftest.c >&5
configure:8660: $? = 0
configure:8675: result: yes
configure:8685: checking for sys/wait.h that is POSIX.1 compatible
configure:8721: gcc -c   conftest.c >&5
configure:8727: $? = 0
configure:8742: result: yes
configure:8770: checking wchar.h usability
configure:8787: gcc -c   conftest.c >&5
configure:8793: $? = 0
configure:8807: result: yes
configure:8811: checking wchar.h presence
configure:8826: gcc -E  conftest.c
configure:8832: $? = 0
configure:8846: result: yes
configure:8874: checking for wchar.h
configure:8882: result: yes
configure:8770: checking wctype.h usability
configure:8787: gcc -c   conftest.c >&5
configure:8793: $? = 0
configure:8807: result: yes
configure:8811: checking wctype.h presence
configure:8826: gcc -E  conftest.c
configure:8832: $? = 0
configure:8846: result: yes
configure:8874: checking for wctype.h
configure:8882: result: yes
configure:8770: checking langinfo.h usability
configure:8787: gcc -c   conftest.c >&5
configure:8793: $? = 0
configure:8807: result: yes
configure:8811: checking langinfo.h presence
configure:8826: gcc -E  conftest.c
configure:8832: $? = 0
configure:8846: result: yes
configure:8874: checking for langinfo.h
configure:8882: result: yes
configure:8770: checking iconv.h usability
configure:8787: gcc -c   conftest.c >&5
configure:8793: $? = 0
configure:8807: result: yes
configure:8811: checking iconv.h presence
configure:8826: gcc -E  conftest.c
configure:8832: $? = 0
configure:8846: result: yes
configure:8874: checking for iconv.h
configure:8882: result: yes
configure:8904: checking for memory.h
configure:8910: result: yes
configure:8904: checking for string.h
configure:8910: result: yes
configure:8904: checking for strings.h
configure:8910: result: yes
configure:8914: checking limits.h usability
configure:8931: gcc -c   conftest.c >&5
configure:8937: $? = 0
configure:8951: result: yes
configure:8955: checking limits.h presence
configure:8970: gcc -E  conftest.c
configure:8976: $? = 0
configure:8990: result: yes
configure:9018: checking for limits.h
configure:9026: result: yes
configure:8914: checking alloca.h usability
configure:8931: gcc -c   conftest.c >&5
configure:8937: $? = 0
configure:8951: result: yes
configure:8955: checking alloca.h presence
configure:8970: gcc -E  conftest.c
configure:8976: $? = 0
configure:8990: result: yes
configure:9018: checking for alloca.h
configure:9026: result: yes
configure:9048: checking for unistd.h
configure:9054: result: yes
configure:9058: checking sys/mman.h usability
configure:9075: gcc -c   conftest.c >&5
configure:9081: $? = 0
configure:9095: result: yes
configure:9099: checking sys/mman.h presence
configure:9114: gcc -E  conftest.c
configure:9120: $? = 0
configure:9134: result: yes
configure:9162: checking for sys/mman.h
configure:9170: result: yes
configure:9058: checking termios.h usability
configure:9075: gcc -c   conftest.c >&5
configure:9081: $? = 0
configure:9095: result: yes
configure:9099: checking termios.h presence
configure:9114: gcc -E  conftest.c
configure:9120: $? = 0
configure:9134: result: yes
configure:9162: checking for termios.h
configure:9170: result: yes
configure:9058: checking pty.h usability
configure:9075: gcc -c   conftest.c >&5
configure:9081: $? = 0
configure:9095: result: yes
configure:9099: checking pty.h presence
configure:9114: gcc -E  conftest.c
configure:9120: $? = 0
configure:9134: result: yes
configure:9162: checking for pty.h
configure:9170: result: yes
configure:9058: checking util.h usability
configure:9075: gcc -c   conftest.c >&5
conftest.c:77:18: fatal error: util.h: No such file or directory
compilation terminated.
configure:9081: $? = 1
configure: failed program was:
| /* confdefs.h.  */
| #define PACKAGE_NAME "lush"
| #define PACKAGE_TARNAME "lush"
| #define PACKAGE_VERSION "1.0"
| #define PACKAGE_STRING "lush 1.0"
| #define PACKAGE_BUGREPORT ""
| #define HAVE_COMPLEX 1
| #define HAVE_LIBM 1
| #define HAVE_LIBDL 1
| #define HAVE_LIBUTIL 1
| #define HAVE_LIBIBERTY 1
| #define STDC_HEADERS 1
| #define HAVE_SYS_TYPES_H 1
| #define HAVE_SYS_STAT_H 1
| #define HAVE_STDLIB_H 1
| #define HAVE_STRING_H 1
| #define HAVE_MEMORY_H 1
| #define HAVE_STRINGS_H 1
| #define HAVE_INTTYPES_H 1
| #define HAVE_STDINT_H 1
| #define HAVE_UNISTD_H 1
| #define HAVE_LIBBFD 1
| #define HAVE_PTHREAD 1
| #define HAVE_LIBCURSES 1
| #define HAVE_LIBREADLINE 1
| #define STDC_HEADERS 1
| #define HAVE_DIRENT_H 1
| #define TIME_WITH_SYS_TIME 1
| #define HAVE_SYS_WAIT_H 1
| #define HAVE_WCHAR_H 1
| #define HAVE_WCTYPE_H 1
| #define HAVE_LANGINFO_H 1
| #define HAVE_ICONV_H 1
| #define HAVE_MEMORY_H 1
| #define HAVE_STRING_H 1
| #define HAVE_STRINGS_H 1
| #define HAVE_LIMITS_H 1
| #define HAVE_ALLOCA_H 1
| #define HAVE_UNISTD_H 1
| #define HAVE_SYS_MMAN_H 1
| #define HAVE_TERMIOS_H 1
| #define HAVE_PTY_H 1
| /* end confdefs.h.  */
| #include <stdio.h>
| #ifdef HAVE_SYS_TYPES_H
| # include <sys/types.h>
| #endif
| #ifdef HAVE_SYS_STAT_H
| # include <sys/stat.h>
| #endif
| #ifdef STDC_HEADERS
| # include <stdlib.h>
| # include <stddef.h>
| #else
| # ifdef HAVE_STDLIB_H
| #  include <stdlib.h>
| # endif
| #endif
| #ifdef HAVE_STRING_H
| # if !defined STDC_HEADERS && defined HAVE_MEMORY_H
| #  include <memory.h>
| # endif
| # include <string.h>
| #endif
| #ifdef HAVE_STRINGS_H
| # include <strings.h>
| #endif
| #ifdef HAVE_INTTYPES_H
| # include <inttypes.h>
| #endif
| #ifdef HAVE_STDINT_H
| # include <stdint.h>
| #endif
| #ifdef HAVE_UNISTD_H
| # include <unistd.h>
| #endif
| #include <util.h>
configure:9095: result: no
configure:9099: checking util.h presence
configure:9114: gcc -E  conftest.c
conftest.c:44:18: fatal error: util.h: No such file or directory
compilation terminated.
configure:9120: $? = 1
configure: failed program was:
| /* confdefs.h.  */
| #define PACKAGE_NAME "lush"
| #define PACKAGE_TARNAME "lush"
| #define PACKAGE_VERSION "1.0"
| #define PACKAGE_STRING "lush 1.0"
| #define PACKAGE_BUGREPORT ""
| #define HAVE_COMPLEX 1
| #define HAVE_LIBM 1
| #define HAVE_LIBDL 1
| #define HAVE_LIBUTIL 1
| #define HAVE_LIBIBERTY 1
| #define STDC_HEADERS 1
| #define HAVE_SYS_TYPES_H 1
| #define HAVE_SYS_STAT_H 1
| #define HAVE_STDLIB_H 1
| #define HAVE_STRING_H 1
| #define HAVE_MEMORY_H 1
| #define HAVE_STRINGS_H 1
| #define HAVE_INTTYPES_H 1
| #define HAVE_STDINT_H 1
| #define HAVE_UNISTD_H 1
| #define HAVE_LIBBFD 1
| #define HAVE_PTHREAD 1
| #define HAVE_LIBCURSES 1
| #define HAVE_LIBREADLINE 1
| #define STDC_HEADERS 1
| #define HAVE_DIRENT_H 1
| #define TIME_WITH_SYS_TIME 1
| #define HAVE_SYS_WAIT_H 1
| #define HAVE_WCHAR_H 1
| #define HAVE_WCTYPE_H 1
| #define HAVE_LANGINFO_H 1
| #define HAVE_ICONV_H 1
| #define HAVE_MEMORY_H 1
| #define HAVE_STRING_H 1
| #define HAVE_STRINGS_H 1
| #define HAVE_LIMITS_H 1
| #define HAVE_ALLOCA_H 1
| #define HAVE_UNISTD_H 1
| #define HAVE_SYS_MMAN_H 1
| #define HAVE_TERMIOS_H 1
| #define HAVE_PTY_H 1
| /* end confdefs.h.  */
| #include <util.h>
configure:9134: result: no
configure:9162: checking for util.h
configure:9170: result: no
configure:9202: checking dlfcn.h usability
configure:9219: gcc -c   conftest.c >&5
configure:9225: $? = 0
configure:9239: result: yes
configure:9243: checking dlfcn.h presence
configure:9258: gcc -E  conftest.c
configure:9264: $? = 0
configure:9278: result: yes
configure:9306: checking for dlfcn.h
configure:9314: result: yes
configure:9202: checking dl.h usability
configure:9219: gcc -c   conftest.c >&5
conftest.c:78:16: fatal error: dl.h: No such file or directory
compilation terminated.
configure:9225: $? = 1
configure: failed program was:
| /* confdefs.h.  */
| #define PACKAGE_NAME "lush"
| #define PACKAGE_TARNAME "lush"
| #define PACKAGE_VERSION "1.0"
| #define PACKAGE_STRING "lush 1.0"
| #define PACKAGE_BUGREPORT ""
| #define HAVE_COMPLEX 1
| #define HAVE_LIBM 1
| #define HAVE_LIBDL 1
| #define HAVE_LIBUTIL 1
| #define HAVE_LIBIBERTY 1
| #define STDC_HEADERS 1
| #define HAVE_SYS_TYPES_H 1
| #define HAVE_SYS_STAT_H 1
| #define HAVE_STDLIB_H 1
| #define HAVE_STRING_H 1
| #define HAVE_MEMORY_H 1
| #define HAVE_STRINGS_H 1
| #define HAVE_INTTYPES_H 1
| #define HAVE_STDINT_H 1
| #define HAVE_UNISTD_H 1
| #define HAVE_LIBBFD 1
| #define HAVE_PTHREAD 1
| #define HAVE_LIBCURSES 1
| #define HAVE_LIBREADLINE 1
| #define STDC_HEADERS 1
| #define HAVE_DIRENT_H 1
| #define TIME_WITH_SYS_TIME 1
| #define HAVE_SYS_WAIT_H 1
| #define HAVE_WCHAR_H 1
| #define HAVE_WCTYPE_H 1
| #define HAVE_LANGINFO_H 1
| #define HAVE_ICONV_H 1
| #define HAVE_MEMORY_H 1
| #define HAVE_STRING_H 1
| #define HAVE_STRINGS_H 1
| #define HAVE_LIMITS_H 1
| #define HAVE_ALLOCA_H 1
| #define HAVE_UNISTD_H 1
| #define HAVE_SYS_MMAN_H 1
| #define HAVE_TERMIOS_H 1
| #define HAVE_PTY_H 1
| #define HAVE_DLFCN_H 1
| /* end confdefs.h.  */
| #include <stdio.h>
| #ifdef HAVE_SYS_TYPES_H
| # include <sys/types.h>
| #endif
| #ifdef HAVE_SYS_STAT_H
| # include <sys/stat.h>
| #endif
| #ifdef STDC_HEADERS
| # include <stdlib.h>
| # include <stddef.h>
| #else
| # ifdef HAVE_STDLIB_H
| #  include <stdlib.h>
| # endif
| #endif
| #ifdef HAVE_STRING_H
| # if !defined STDC_HEADERS && defined HAVE_MEMORY_H
| #  include <memory.h>
| # endif
| # include <string.h>
| #endif
| #ifdef HAVE_STRINGS_H
| # include <strings.h>
| #endif
| #ifdef HAVE_INTTYPES_H
| # include <inttypes.h>
| #endif
| #ifdef HAVE_STDINT_H
| # include <stdint.h>
| #endif
| #ifdef HAVE_UNISTD_H
| # include <unistd.h>
| #endif
| #include <dl.h>
configure:9239: result: no
configure:9243: checking dl.h presence
configure:9258: gcc -E  conftest.c
conftest.c:45:16: fatal error: dl.h: No such file or directory
compilation terminated.
configure:9264: $? = 1
configure: failed program was:
| /* confdefs.h.  */
| #define PACKAGE_NAME "lush"
| #define PACKAGE_TARNAME "lush"
| #define PACKAGE_VERSION "1.0"
| #define PACKAGE_STRING "lush 1.0"
| #define PACKAGE_BUGREPORT ""
| #define HAVE_COMPLEX 1
| #define HAVE_LIBM 1
| #define HAVE_LIBDL 1
| #define HAVE_LIBUTIL 1
| #define HAVE_LIBIBERTY 1
| #define STDC_HEADERS 1
| #define HAVE_SYS_TYPES_H 1
| #define HAVE_SYS_STAT_H 1
| #define HAVE_STDLIB_H 1
| #define HAVE_STRING_H 1
| #define HAVE_MEMORY_H 1
| #define HAVE_STRINGS_H 1
| #define HAVE_INTTYPES_H 1
| #define HAVE_STDINT_H 1
| #define HAVE_UNISTD_H 1
| #define HAVE_LIBBFD 1
| #define HAVE_PTHREAD 1
| #define HAVE_LIBCURSES 1
| #define HAVE_LIBREADLINE 1
| #define STDC_HEADERS 1
| #define HAVE_DIRENT_H 1
| #define TIME_WITH_SYS_TIME 1
| #define HAVE_SYS_WAIT_H 1
| #define HAVE_WCHAR_H 1
| #define HAVE_WCTYPE_H 1
| #define HAVE_LANGINFO_H 1
| #define HAVE_ICONV_H 1
| #define HAVE_MEMORY_H 1
| #define HAVE_STRING_H 1
| #define HAVE_STRINGS_H 1
| #define HAVE_LIMITS_H 1
| #define HAVE_ALLOCA_H 1
| #define HAVE_UNISTD_H 1
| #define HAVE_SYS_MMAN_H 1
| #define HAVE_TERMIOS_H 1
| #define HAVE_PTY_H 1
| #define HAVE_DLFCN_H 1
| /* end confdefs.h.  */
| #include <dl.h>
configure:9278: result: no
configure:9306: checking for dl.h
configure:9314: result: no
configure:9202: checking ieeefp.h usability
configure:9219: gcc -c   conftest.c >&5
conftest.c:78:20: fatal error: ieeefp.h: No such file or directory
compilation terminated.
configure:9225: $? = 1
configure: failed program was:
| /* confdefs.h.  */
| #define PACKAGE_NAME "lush"
| #define PACKAGE_TARNAME "lush"
| #define PACKAGE_VERSION "1.0"
| #define PACKAGE_STRING "lush 1.0"
| #define PACKAGE_BUGREPORT ""
| #define HAVE_COMPLEX 1
| #define HAVE_LIBM 1
| #define HAVE_LIBDL 1
| #define HAVE_LIBUTIL 1
| #define HAVE_LIBIBERTY 1
| #define STDC_HEADERS 1
| #define HAVE_SYS_TYPES_H 1
| #define HAVE_SYS_STAT_H 1
| #define HAVE_STDLIB_H 1
| #define HAVE_STRING_H 1
| #define HAVE_MEMORY_H 1
| #define HAVE_STRINGS_H 1
| #define HAVE_INTTYPES_H 1
| #define HAVE_STDINT_H 1
| #define HAVE_UNISTD_H 1
| #define HAVE_LIBBFD 1
| #define HAVE_PTHREAD 1
| #define HAVE_LIBCURSES 1
| #define HAVE_LIBREADLINE 1
| #define STDC_HEADERS 1
| #define HAVE_DIRENT_H 1
| #define TIME_WITH_SYS_TIME 1
| #define HAVE_SYS_WAIT_H 1
| #define HAVE_WCHAR_H 1
| #define HAVE_WCTYPE_H 1
| #define HAVE_LANGINFO_H 1
| #define HAVE_ICONV_H 1
| #define HAVE_MEMORY_H 1
| #define HAVE_STRING_H 1
| #define HAVE_STRINGS_H 1
| #define HAVE_LIMITS_H 1
| #define HAVE_ALLOCA_H 1
| #define HAVE_UNISTD_H 1
| #define HAVE_SYS_MMAN_H 1
| #define HAVE_TERMIOS_H 1
| #define HAVE_PTY_H 1
| #define HAVE_DLFCN_H 1
| /* end confdefs.h.  */
| #include <stdio.h>
| #ifdef HAVE_SYS_TYPES_H
| # include <sys/types.h>
| #endif
| #ifdef HAVE_SYS_STAT_H
| # include <sys/stat.h>
| #endif
| #ifdef STDC_HEADERS
| # include <stdlib.h>
| # include <stddef.h>
| #else
| # ifdef HAVE_STDLIB_H
| #  include <stdlib.h>
| # endif
| #endif
| #ifdef HAVE_STRING_H
| # if !defined STDC_HEADERS && defined HAVE_MEMORY_H
| #  include <memory.h>
| # endif
| # include <string.h>
| #endif
| #ifdef HAVE_STRINGS_H
| # include <strings.h>
| #endif
| #ifdef HAVE_INTTYPES_H
| # include <inttypes.h>
| #endif
| #ifdef HAVE_STDINT_H
| # include <stdint.h>
| #endif
| #ifdef HAVE_UNISTD_H
| # include <unistd.h>
| #endif
| #include <ieeefp.h>
configure:9239: result: no
configure:9243: checking ieeefp.h presence
configure:9258: gcc -E  conftest.c
conftest.c:45:20: fatal error: ieeefp.h: No such file or directory
compilation terminated.
configure:9264: $? = 1
configure: failed program was:
| /* confdefs.h.  */
| #define PACKAGE_NAME "lush"
| #define PACKAGE_TARNAME "lush"
| #define PACKAGE_VERSION "1.0"
| #define PACKAGE_STRING "lush 1.0"
| #define PACKAGE_BUGREPORT ""
| #define HAVE_COMPLEX 1
| #define HAVE_LIBM 1
| #define HAVE_LIBDL 1
| #define HAVE_LIBUTIL 1
| #define HAVE_LIBIBERTY 1
| #define STDC_HEADERS 1
| #define HAVE_SYS_TYPES_H 1
| #define HAVE_SYS_STAT_H 1
| #define HAVE_STDLIB_H 1
| #define HAVE_STRING_H 1
| #define HAVE_MEMORY_H 1
| #define HAVE_STRINGS_H 1
| #define HAVE_INTTYPES_H 1
| #define HAVE_STDINT_H 1
| #define HAVE_UNISTD_H 1
| #define HAVE_LIBBFD 1
| #define HAVE_PTHREAD 1
| #define HAVE_LIBCURSES 1
| #define HAVE_LIBREADLINE 1
| #define STDC_HEADERS 1
| #define HAVE_DIRENT_H 1
| #define TIME_WITH_SYS_TIME 1
| #define HAVE_SYS_WAIT_H 1
| #define HAVE_WCHAR_H 1
| #define HAVE_WCTYPE_H 1
| #define HAVE_LANGINFO_H 1
| #define HAVE_ICONV_H 1
| #define HAVE_MEMORY_H 1
| #define HAVE_STRING_H 1
| #define HAVE_STRINGS_H 1
| #define HAVE_LIMITS_H 1
| #define HAVE_ALLOCA_H 1
| #define HAVE_UNISTD_H 1
| #define HAVE_SYS_MMAN_H 1
| #define HAVE_TERMIOS_H 1
| #define HAVE_PTY_H 1
| #define HAVE_DLFCN_H 1
| /* end confdefs.h.  */
| #include <ieeefp.h>
configure:9278: result: no
configure:9306: checking for ieeefp.h
configure:9314: result: no
configure:9202: checking fpu_control.h usability
configure:9219: gcc -c   conftest.c >&5
configure:9225: $? = 0
configure:9239: result: yes
configure:9243: checking fpu_control.h presence
configure:9258: gcc -E  conftest.c
configure:9264: $? = 0
configure:9278: result: yes
configure:9306: checking for fpu_control.h
configure:9314: result: yes
configure:9202: checking fenv.h usability
configure:9219: gcc -c   conftest.c >&5
configure:9225: $? = 0
configure:9239: result: yes
configure:9243: checking fenv.h presence
configure:9258: gcc -E  conftest.c
configure:9264: $? = 0
configure:9278: result: yes
configure:9306: checking for fenv.h
configure:9314: result: yes
configure:9346: checking stropts.h usability
configure:9363: gcc -c   conftest.c >&5
configure:9369: $? = 0
configure:9383: result: yes
configure:9387: checking stropts.h presence
configure:9402: gcc -E  conftest.c
configure:9408: $? = 0
configure:9422: result: yes
configure:9450: checking for stropts.h
configure:9458: result: yes
configure:9346: checking sys/stropts.h usability
configure:9363: gcc -c   conftest.c >&5
configure:9369: $? = 0
configure:9383: result: yes
configure:9387: checking sys/stropts.h presence
configure:9402: gcc -E  conftest.c
configure:9408: $? = 0
configure:9422: result: yes
configure:9450: checking for sys/stropts.h
configure:9458: result: yes
configure:9346: checking sys/select.h usability
configure:9363: gcc -c   conftest.c >&5
configure:9369: $? = 0
configure:9383: result: yes
configure:9387: checking sys/select.h presence
configure:9402: gcc -E  conftest.c
configure:9408: $? = 0
configure:9422: result: yes
configure:9450: checking for sys/select.h
configure:9458: result: yes
configure:9336: checking for sys/types.h
configure:9342: result: yes
configure:9346: checking sys/ttold.h usability
configure:9363: gcc -c   conftest.c >&5
conftest.c:84:23: fatal error: sys/ttold.h: No such file or directory
compilation terminated.
configure:9369: $? = 1
configure: failed program was:
| /* confdefs.h.  */
| #define PACKAGE_NAME "lush"
| #define PACKAGE_TARNAME "lush"
| #define PACKAGE_VERSION "1.0"
| #define PACKAGE_STRING "lush 1.0"
| #define PACKAGE_BUGREPORT ""
| #define HAVE_COMPLEX 1
| #define HAVE_LIBM 1
| #define HAVE_LIBDL 1
| #define HAVE_LIBUTIL 1
| #define HAVE_LIBIBERTY 1
| #define STDC_HEADERS 1
| #define HAVE_SYS_TYPES_H 1
| #define HAVE_SYS_STAT_H 1
| #define HAVE_STDLIB_H 1
| #define HAVE_STRING_H 1
| #define HAVE_MEMORY_H 1
| #define HAVE_STRINGS_H 1
| #define HAVE_INTTYPES_H 1
| #define HAVE_STDINT_H 1
| #define HAVE_UNISTD_H 1
| #define HAVE_LIBBFD 1
| #define HAVE_PTHREAD 1
| #define HAVE_LIBCURSES 1
| #define HAVE_LIBREADLINE 1
| #define STDC_HEADERS 1
| #define HAVE_DIRENT_H 1
| #define TIME_WITH_SYS_TIME 1
| #define HAVE_SYS_WAIT_H 1
| #define HAVE_WCHAR_H 1
| #define HAVE_WCTYPE_H 1
| #define HAVE_LANGINFO_H 1
| #define HAVE_ICONV_H 1
| #define HAVE_MEMORY_H 1
| #define HAVE_STRING_H 1
| #define HAVE_STRINGS_H 1
| #define HAVE_LIMITS_H 1
| #define HAVE_ALLOCA_H 1
| #define HAVE_UNISTD_H 1
| #define HAVE_SYS_MMAN_H 1
| #define HAVE_TERMIOS_H 1
| #define HAVE_PTY_H 1
| #define HAVE_DLFCN_H 1
| #define HAVE_FPU_CONTROL_H 1
| #define HAVE_FENV_H 1
| #define HAVE_STROPTS_H 1
| #define HAVE_SYS_STROPTS_H 1
| #define HAVE_SYS_SELECT_H 1
| #define HAVE_SYS_TYPES_H 1
| /* end confdefs.h.  */
| #include <stdio.h>
| #ifdef HAVE_SYS_TYPES_H
| # include <sys/types.h>
| #endif
| #ifdef HAVE_SYS_STAT_H
| # include <sys/stat.h>
| #endif
| #ifdef STDC_HEADERS
| # include <stdlib.h>
| # include <stddef.h>
| #else
| # ifdef HAVE_STDLIB_H
| #  include <stdlib.h>
| # endif
| #endif
| #ifdef HAVE_STRING_H
| # if !defined STDC_HEADERS && defined HAVE_MEMORY_H
| #  include <memory.h>
| # endif
| # include <string.h>
| #endif
| #ifdef HAVE_STRINGS_H
| # include <strings.h>
| #endif
| #ifdef HAVE_INTTYPES_H
| # include <inttypes.h>
| #endif
| #ifdef HAVE_STDINT_H
| # include <stdint.h>
| #endif
| #ifdef HAVE_UNISTD_H
| # include <unistd.h>
| #endif
| #include <sys/ttold.h>
configure:9383: result: no
configure:9387: checking sys/ttold.h presence
configure:9402: gcc -E  conftest.c
conftest.c:51:23: fatal error: sys/ttold.h: No such file or directory
compilation terminated.
configure:9408: $? = 1
configure: failed program was:
| /* confdefs.h.  */
| #define PACKAGE_NAME "lush"
| #define PACKAGE_TARNAME "lush"
| #define PACKAGE_VERSION "1.0"
| #define PACKAGE_STRING "lush 1.0"
| #define PACKAGE_BUGREPORT ""
| #define HAVE_COMPLEX 1
| #define HAVE_LIBM 1
| #define HAVE_LIBDL 1
| #define HAVE_LIBUTIL 1
| #define HAVE_LIBIBERTY 1
| #define STDC_HEADERS 1
| #define HAVE_SYS_TYPES_H 1
| #define HAVE_SYS_STAT_H 1
| #define HAVE_STDLIB_H 1
| #define HAVE_STRING_H 1
| #define HAVE_MEMORY_H 1
| #define HAVE_STRINGS_H 1
| #define HAVE_INTTYPES_H 1
| #define HAVE_STDINT_H 1
| #define HAVE_UNISTD_H 1
| #define HAVE_LIBBFD 1
| #define HAVE_PTHREAD 1
| #define HAVE_LIBCURSES 1
| #define HAVE_LIBREADLINE 1
| #define STDC_HEADERS 1
| #define HAVE_DIRENT_H 1
| #define TIME_WITH_SYS_TIME 1
| #define HAVE_SYS_WAIT_H 1
| #define HAVE_WCHAR_H 1
| #define HAVE_WCTYPE_H 1
| #define HAVE_LANGINFO_H 1
| #define HAVE_ICONV_H 1
| #define HAVE_MEMORY_H 1
| #define HAVE_STRING_H 1
| #define HAVE_STRINGS_H 1
| #define HAVE_LIMITS_H 1
| #define HAVE_ALLOCA_H 1
| #define HAVE_UNISTD_H 1
| #define HAVE_SYS_MMAN_H 1
| #define HAVE_TERMIOS_H 1
| #define HAVE_PTY_H 1
| #define HAVE_DLFCN_H 1
| #define HAVE_FPU_CONTROL_H 1
| #define HAVE_FENV_H 1
| #define HAVE_STROPTS_H 1
| #define HAVE_SYS_STROPTS_H 1
| #define HAVE_SYS_SELECT_H 1
| #define HAVE_SYS_TYPES_H 1
| /* end confdefs.h.  */
| #include <sys/ttold.h>
configure:9422: result: no
configure:9450: checking for sys/ttold.h
configure:9458: result: no
configure:9489: checking sys/time.h usability
configure:9506: gcc -c   conftest.c >&5
configure:9512: $? = 0
configure:9526: result: yes
configure:9530: checking sys/time.h presence
configure:9545: gcc -E  conftest.c
configure:9551: $? = 0
configure:9565: result: yes
configure:9593: checking for sys/time.h
configure:9601: result: yes
configure:9489: checking sys/timeb.h usability
configure:9506: gcc -c   conftest.c >&5
configure:9512: $? = 0
configure:9526: result: yes
configure:9530: checking sys/timeb.h presence
configure:9545: gcc -E  conftest.c
configure:9551: $? = 0
configure:9565: result: yes
configure:9593: checking for sys/timeb.h
configure:9601: result: yes
configure:9489: checking locale.h usability
configure:9506: gcc -c   conftest.c >&5
configure:9512: $? = 0
configure:9526: result: yes
configure:9530: checking locale.h presence
configure:9545: gcc -E  conftest.c
configure:9551: $? = 0
configure:9565: result: yes
configure:9593: checking for locale.h
configure:9601: result: yes
configure:9479: checking for bfd.h
configure:9485: result: yes
configure:9630: checking readline/readline.h usability
configure:9647: gcc -c   conftest.c >&5
configure:9653: $? = 0
configure:9667: result: yes
configure:9671: checking readline/readline.h presence
configure:9686: gcc -E  conftest.c
configure:9692: $? = 0
configure:9706: result: yes
configure:9734: checking for readline/readline.h
configure:9742: result: yes
configure:9630: checking readline/history.h usability
configure:9647: gcc -c   conftest.c >&5
configure:9653: $? = 0
configure:9667: result: yes
configure:9671: checking readline/history.h presence
configure:9686: gcc -E  conftest.c
configure:9692: $? = 0
configure:9706: result: yes
configure:9734: checking for readline/history.h
configure:9742: result: yes
configure:9762: checking for special C compiler options needed for large files
configure:9855: result: no
configure:9861: checking for _FILE_OFFSET_BITS value needed for large files
configure:9896: gcc -c   conftest.c >&5
configure:9902: $? = 0
configure:9970: result: no
configure:10254: checking for mode_t
configure:10284: gcc -c   conftest.c >&5
configure:10290: $? = 0
configure:10305: result: yes
configure:10317: checking for off_t
configure:10347: gcc -c   conftest.c >&5
configure:10353: $? = 0
configure:10368: result: yes
configure:10380: checking for size_t
configure:10410: gcc -c   conftest.c >&5
configure:10416: $? = 0
configure:10431: result: yes
configure:10443: checking for pid_t
configure:10473: gcc -c   conftest.c >&5
configure:10479: $? = 0
configure:10494: result: yes
configure:10506: checking return type of signal handlers
configure:10534: gcc -c   conftest.c >&5
conftest.c: In function 'main':
conftest.c:63:1: error: void value not ignored as it ought to be
configure:10540: $? = 1
configure: failed program was:
| /* confdefs.h.  */
| #define PACKAGE_NAME "lush"
| #define PACKAGE_TARNAME "lush"
| #define PACKAGE_VERSION "1.0"
| #define PACKAGE_STRING "lush 1.0"
| #define PACKAGE_BUGREPORT ""
| #define HAVE_COMPLEX 1
| #define HAVE_LIBM 1
| #define HAVE_LIBDL 1
| #define HAVE_LIBUTIL 1
| #define HAVE_LIBIBERTY 1
| #define STDC_HEADERS 1
| #define HAVE_SYS_TYPES_H 1
| #define HAVE_SYS_STAT_H 1
| #define HAVE_STDLIB_H 1
| #define HAVE_STRING_H 1
| #define HAVE_MEMORY_H 1
| #define HAVE_STRINGS_H 1
| #define HAVE_INTTYPES_H 1
| #define HAVE_STDINT_H 1
| #define HAVE_UNISTD_H 1
| #define HAVE_LIBBFD 1
| #define HAVE_PTHREAD 1
| #define HAVE_LIBCURSES 1
| #define HAVE_LIBREADLINE 1
| #define STDC_HEADERS 1
| #define HAVE_DIRENT_H 1
| #define TIME_WITH_SYS_TIME 1
| #define HAVE_SYS_WAIT_H 1
| #define HAVE_WCHAR_H 1
| #define HAVE_WCTYPE_H 1
| #define HAVE_LANGINFO_H 1
| #define HAVE_ICONV_H 1
| #define HAVE_MEMORY_H 1
| #define HAVE_STRING_H 1
| #define HAVE_STRINGS_H 1
| #define HAVE_LIMITS_H 1
| #define HAVE_ALLOCA_H 1
| #define HAVE_UNISTD_H 1
| #define HAVE_SYS_MMAN_H 1
| #define HAVE_TERMIOS_H 1
| #define HAVE_PTY_H 1
| #define HAVE_DLFCN_H 1
| #define HAVE_FPU_CONTROL_H 1
| #define HAVE_FENV_H 1
| #define HAVE_STROPTS_H 1
| #define HAVE_SYS_STROPTS_H 1
| #define HAVE_SYS_SELECT_H 1
| #define HAVE_SYS_TYPES_H 1
| #define HAVE_SYS_TIME_H 1
| #define HAVE_SYS_TIMEB_H 1
| #define HAVE_LOCALE_H 1
| #define HAVE_BFD_H 1
| #define HAVE_READLINE_READLINE_H 1
| #define HAVE_READLINE_HISTORY_H 1
| /* end confdefs.h.  */
| #include <sys/types.h>
| #include <signal.h>
| 
| int
| main ()
| {
| return *(signal (0, 0)) (0) == 1;
|   ;
|   return 0;
| }
configure:10555: result: void
configure:10563: checking for long long int
configure:10593: gcc -c   conftest.c >&5
configure:10599: $? = 0
configure:10614: result: yes
configure:10625: checking for wchar_t
configure:10656: gcc -c   conftest.c >&5
configure:10662: $? = 0
configure:10677: result: yes
configure:10688: checking for wint_t
configure:10719: gcc -c   conftest.c >&5
configure:10725: $? = 0
configure:10740: result: yes
configure:10751: checking for mbstate_t
configure:10782: gcc -c   conftest.c >&5
configure:10788: $? = 0
configure:10803: result: yes
configure:10827: checking for stdlib.h
configure:10833: result: yes
configure:10827: checking for unistd.h
configure:10833: result: yes
configure:10966: checking for getpagesize
configure:11022: gcc -o conftest    conftest.c -lreadline -lcurses -lbfd -liberty -lutil -ldl -lm  >&5
configure:11028: $? = 0
configure:11046: result: yes
configure:11056: checking for working mmap
configure:11203: gcc -o conftest    conftest.c -lreadline -lcurses -lbfd -liberty -lutil -ldl -lm  >&5
configure:11206: $? = 0
configure:11212: ./conftest
configure:11215: $? = 0
configure:11231: result: yes
configure:11257: checking vfork.h usability
configure:11274: gcc -c   conftest.c >&5
conftest.c:99:19: fatal error: vfork.h: No such file or directory
compilation terminated.
configure:11280: $? = 1
configure: failed program was:
| /* confdefs.h.  */
| #define PACKAGE_NAME "lush"
| #define PACKAGE_TARNAME "lush"
| #define PACKAGE_VERSION "1.0"
| #define PACKAGE_STRING "lush 1.0"
| #define PACKAGE_BUGREPORT ""
| #define HAVE_COMPLEX 1
| #define HAVE_LIBM 1
| #define HAVE_LIBDL 1
| #define HAVE_LIBUTIL 1
| #define HAVE_LIBIBERTY 1
| #define STDC_HEADERS 1
| #define HAVE_SYS_TYPES_H 1
| #define HAVE_SYS_STAT_H 1
| #define HAVE_STDLIB_H 1
| #define HAVE_STRING_H 1
| #define HAVE_MEMORY_H 1
| #define HAVE_STRINGS_H 1
| #define HAVE_INTTYPES_H 1
| #define HAVE_STDINT_H 1
| #define HAVE_UNISTD_H 1
| #define HAVE_LIBBFD 1
| #define HAVE_PTHREAD 1
| #define HAVE_LIBCURSES 1
| #define HAVE_LIBREADLINE 1
| #define STDC_HEADERS 1
| #define HAVE_DIRENT_H 1
| #define TIME_WITH_SYS_TIME 1
| #define HAVE_SYS_WAIT_H 1
| #define HAVE_WCHAR_H 1
| #define HAVE_WCTYPE_H 1
| #define HAVE_LANGINFO_H 1
| #define HAVE_ICONV_H 1
| #define HAVE_MEMORY_H 1
| #define HAVE_STRING_H 1
| #define HAVE_STRINGS_H 1
| #define HAVE_LIMITS_H 1
| #define HAVE_ALLOCA_H 1
| #define HAVE_UNISTD_H 1
| #define HAVE_SYS_MMAN_H 1
| #define HAVE_TERMIOS_H 1
| #define HAVE_PTY_H 1
| #define HAVE_DLFCN_H 1
| #define HAVE_FPU_CONTROL_H 1
| #define HAVE_FENV_H 1
| #define HAVE_STROPTS_H 1
| #define HAVE_SYS_STROPTS_H 1
| #define HAVE_SYS_SELECT_H 1
| #define HAVE_SYS_TYPES_H 1
| #define HAVE_SYS_TIME_H 1
| #define HAVE_SYS_TIMEB_H 1
| #define HAVE_LOCALE_H 1
| #define HAVE_BFD_H 1
| #define HAVE_READLINE_READLINE_H 1
| #define HAVE_READLINE_HISTORY_H 1
| #define RETSIGTYPE void
| #define HAVE_LONG_LONG_INT 1
| #define HAVE_WCHAR_T 1
| #define HAVE_WINT_T 1
| #define HAVE_MBSTATE_T 1
| #define HAVE_STDLIB_H 1
| #define HAVE_UNISTD_H 1
| #define HAVE_GETPAGESIZE 1
| #define HAVE_MMAP 1
| /* end confdefs.h.  */
| #include <stdio.h>
| #ifdef HAVE_SYS_TYPES_H
| # include <sys/types.h>
| #endif
| #ifdef HAVE_SYS_STAT_H
| # include <sys/stat.h>
| #endif
| #ifdef STDC_HEADERS
| # include <stdlib.h>
| # include <stddef.h>
| #else
| # ifdef HAVE_STDLIB_H
| #  include <stdlib.h>
| # endif
| #endif
| #ifdef HAVE_STRING_H
| # if !defined STDC_HEADERS && defined HAVE_MEMORY_H
| #  include <memory.h>
| # endif
| # include <string.h>
| #endif
| #ifdef HAVE_STRINGS_H
| # include <strings.h>
| #endif
| #ifdef HAVE_INTTYPES_H
| # include <inttypes.h>
| #endif
| #ifdef HAVE_STDINT_H
| # include <stdint.h>
| #endif
| #ifdef HAVE_UNISTD_H
| # include <unistd.h>
| #endif
| #include <vfork.h>
configure:11294: result: no
configure:11298: checking vfork.h presence
configure:11313: gcc -E  conftest.c
conftest.c:66:19: fatal error: vfork.h: No such file or directory
compilation terminated.
configure:11319: $? = 1
configure: failed program was:
| /* confdefs.h.  */
| #define PACKAGE_NAME "lush"
| #define PACKAGE_TARNAME "lush"
| #define PACKAGE_VERSION "1.0"
| #define PACKAGE_STRING "lush 1.0"
| #define PACKAGE_BUGREPORT ""
| #define HAVE_COMPLEX 1
| #define HAVE_LIBM 1
| #define HAVE_LIBDL 1
| #define HAVE_LIBUTIL 1
| #define HAVE_LIBIBERTY 1
| #define STDC_HEADERS 1
| #define HAVE_SYS_TYPES_H 1
| #define HAVE_SYS_STAT_H 1
| #define HAVE_STDLIB_H 1
| #define HAVE_STRING_H 1
| #define HAVE_MEMORY_H 1
| #define HAVE_STRINGS_H 1
| #define HAVE_INTTYPES_H 1
| #define HAVE_STDINT_H 1
| #define HAVE_UNISTD_H 1
| #define HAVE_LIBBFD 1
| #define HAVE_PTHREAD 1
| #define HAVE_LIBCURSES 1
| #define HAVE_LIBREADLINE 1
| #define STDC_HEADERS 1
| #define HAVE_DIRENT_H 1
| #define TIME_WITH_SYS_TIME 1
| #define HAVE_SYS_WAIT_H 1
| #define HAVE_WCHAR_H 1
| #define HAVE_WCTYPE_H 1
| #define HAVE_LANGINFO_H 1
| #define HAVE_ICONV_H 1
| #define HAVE_MEMORY_H 1
| #define HAVE_STRING_H 1
| #define HAVE_STRINGS_H 1
| #define HAVE_LIMITS_H 1
| #define HAVE_ALLOCA_H 1
| #define HAVE_UNISTD_H 1
| #define HAVE_SYS_MMAN_H 1
| #define HAVE_TERMIOS_H 1
| #define HAVE_PTY_H 1
| #define HAVE_DLFCN_H 1
| #define HAVE_FPU_CONTROL_H 1
| #define HAVE_FENV_H 1
| #define HAVE_STROPTS_H 1
| #define HAVE_SYS_STROPTS_H 1
| #define HAVE_SYS_SELECT_H 1
| #define HAVE_SYS_TYPES_H 1
| #define HAVE_SYS_TIME_H 1
| #define HAVE_SYS_TIMEB_H 1
| #define HAVE_LOCALE_H 1
| #define HAVE_BFD_H 1
| #define HAVE_READLINE_READLINE_H 1
| #define HAVE_READLINE_HISTORY_H 1
| #define RETSIGTYPE void
| #define HAVE_LONG_LONG_INT 1
| #define HAVE_WCHAR_T 1
| #define HAVE_WINT_T 1
| #define HAVE_MBSTATE_T 1
| #define HAVE_STDLIB_H 1
| #define HAVE_UNISTD_H 1
| #define HAVE_GETPAGESIZE 1
| #define HAVE_MMAP 1
| /* end confdefs.h.  */
| #include <vfork.h>
configure:11333: result: no
configure:11361: checking for vfork.h
configure:11369: result: no
configure:11387: checking for fork
configure:11443: gcc -o conftest    conftest.c -lreadline -lcurses -lbfd -liberty -lutil -ldl -lm  >&5
conftest.c:89:6: warning: conflicting types for built-in function 'fork' [enabled by default]
configure:11449: $? = 0
configure:11467: result: yes
configure:11387: checking for vfork
configure:11443: gcc -o conftest    conftest.c -lreadline -lcurses -lbfd -liberty -lutil -ldl -lm  >&5
configure:11449: $? = 0
configure:11467: result: yes
configure:11478: checking for working fork
configure:11510: gcc -o conftest    conftest.c -lreadline -lcurses -lbfd -liberty -lutil -ldl -lm  >&5
configure:11513: $? = 0
configure:11519: ./conftest
configure:11522: $? = 0
configure:11538: result: yes
configure:11559: checking for working vfork
configure:11697: result: yes
configure:11732: checking for strftime
configure:11788: gcc -o conftest    conftest.c -lreadline -lcurses -lbfd -liberty -lutil -ldl -lm  >&5
conftest.c:93:6: warning: conflicting types for built-in function 'strftime' [enabled by default]
configure:11794: $? = 0
configure:11812: result: yes
configure:11902: checking for strchr
configure:11958: gcc -o conftest    conftest.c -lreadline -lcurses -lbfd -liberty -lutil -ldl -lm  >&5
conftest.c:94:6: warning: conflicting types for built-in function 'strchr' [enabled by default]
configure:11964: $? = 0
configure:11982: result: yes
configure:11902: checking for memcpy
configure:11958: gcc -o conftest    conftest.c -lreadline -lcurses -lbfd -liberty -lutil -ldl -lm  >&5
conftest.c:95:6: warning: conflicting types for built-in function 'memcpy' [enabled by default]
configure:11964: $? = 0
configure:11982: result: yes
configure:11902: checking for sigaction
configure:11958: gcc -o conftest    conftest.c -lreadline -lcurses -lbfd -liberty -lutil -ldl -lm  >&5
configure:11964: $? = 0
configure:11982: result: yes
configure:11902: checking for sigvec
configure:11958: gcc -o conftest    conftest.c -lreadline -lcurses -lbfd -liberty -lutil -ldl -lm  >&5
configure:11964: $? = 0
configure:11982: result: yes
configure:11902: checking for strerror
configure:11958: gcc -o conftest    conftest.c -lreadline -lcurses -lbfd -liberty -lutil -ldl -lm  >&5
configure:11964: $? = 0
configure:11982: result: yes
configure:11902: checking for getcwd
configure:11958: gcc -o conftest    conftest.c -lreadline -lcurses -lbfd -liberty -lutil -ldl -lm  >&5
configure:11964: $? = 0
configure:11982: result: yes
configure:11999: checking for feenableexcept
configure:12055: gcc -o conftest    conftest.c -lreadline -lcurses -lbfd -liberty -lutil -ldl -lm  >&5
configure:12061: $? = 0
configure:12079: result: yes
configure:11999: checking for ieee_handler
configure:12055: gcc -o conftest    conftest.c -lreadline -lcurses -lbfd -liberty -lutil -ldl -lm  >&5
/tmp/cc7x8lGM.o: In function `main':
conftest.c:(.text+0xa): undefined reference to `ieee_handler'
collect2: ld returned 1 exit status
configure:12061: $? = 1
configure: failed program was:
| /* confdefs.h.  */
| #define PACKAGE_NAME "lush"
| #define PACKAGE_TARNAME "lush"
| #define PACKAGE_VERSION "1.0"
| #define PACKAGE_STRING "lush 1.0"
| #define PACKAGE_BUGREPORT ""
| #define HAVE_COMPLEX 1
| #define HAVE_LIBM 1
| #define HAVE_LIBDL 1
| #define HAVE_LIBUTIL 1
| #define HAVE_LIBIBERTY 1
| #define STDC_HEADERS 1
| #define HAVE_SYS_TYPES_H 1
| #define HAVE_SYS_STAT_H 1
| #define HAVE_STDLIB_H 1
| #define HAVE_STRING_H 1
| #define HAVE_MEMORY_H 1
| #define HAVE_STRINGS_H 1
| #define HAVE_INTTYPES_H 1
| #define HAVE_STDINT_H 1
| #define HAVE_UNISTD_H 1
| #define HAVE_LIBBFD 1
| #define HAVE_PTHREAD 1
| #define HAVE_LIBCURSES 1
| #define HAVE_LIBREADLINE 1
| #define STDC_HEADERS 1
| #define HAVE_DIRENT_H 1
| #define TIME_WITH_SYS_TIME 1
| #define HAVE_SYS_WAIT_H 1
| #define HAVE_WCHAR_H 1
| #define HAVE_WCTYPE_H 1
| #define HAVE_LANGINFO_H 1
| #define HAVE_ICONV_H 1
| #define HAVE_MEMORY_H 1
| #define HAVE_STRING_H 1
| #define HAVE_STRINGS_H 1
| #define HAVE_LIMITS_H 1
| #define HAVE_ALLOCA_H 1
| #define HAVE_UNISTD_H 1
| #define HAVE_SYS_MMAN_H 1
| #define HAVE_TERMIOS_H 1
| #define HAVE_PTY_H 1
| #define HAVE_DLFCN_H 1
| #define HAVE_FPU_CONTROL_H 1
| #define HAVE_FENV_H 1
| #define HAVE_STROPTS_H 1
| #define HAVE_SYS_STROPTS_H 1
| #define HAVE_SYS_SELECT_H 1
| #define HAVE_SYS_TYPES_H 1
| #define HAVE_SYS_TIME_H 1
| #define HAVE_SYS_TIMEB_H 1
| #define HAVE_LOCALE_H 1
| #define HAVE_BFD_H 1
| #define HAVE_READLINE_READLINE_H 1
| #define HAVE_READLINE_HISTORY_H 1
| #define RETSIGTYPE void
| #define HAVE_LONG_LONG_INT 1
| #define HAVE_WCHAR_T 1
| #define HAVE_WINT_T 1
| #define HAVE_MBSTATE_T 1
| #define HAVE_STDLIB_H 1
| #define HAVE_UNISTD_H 1
| #define HAVE_GETPAGESIZE 1
| #define HAVE_MMAP 1
| #define HAVE_FORK 1
| #define HAVE_VFORK 1
| #define HAVE_WORKING_VFORK 1
| #define HAVE_WORKING_FORK 1
| #define HAVE_STRFTIME 1
| #define HAVE_STRCHR 1
| #define HAVE_MEMCPY 1
| #define HAVE_SIGACTION 1
| #define HAVE_SIGVEC 1
| #define HAVE_STRERROR 1
| #define HAVE_GETCWD 1
| #define HAVE_FEENABLEEXCEPT 1
| /* end confdefs.h.  */
| /* Define ieee_handler to an innocuous variant, in case <limits.h> declares ieee_handler.
|    For example, HP-UX 11i <limits.h> declares gettimeofday.  */
| #define ieee_handler innocuous_ieee_handler
| 
| /* System header to define __stub macros and hopefully few prototypes,
|     which can conflict with char ieee_handler (); below.
|     Prefer <limits.h> to <assert.h> if __STDC__ is defined, since
|     <limits.h> exists even on freestanding compilers.  */
| 
| #ifdef __STDC__
| # include <limits.h>
| #else
| # include <assert.h>
| #endif
| 
| #undef ieee_handler
| 
| /* Override any GCC internal prototype to avoid an error.
|    Use char because int might match the return type of a GCC
|    builtin and then its argument prototype would still apply.  */
| #ifdef __cplusplus
| extern "C"
| #endif
| char ieee_handler ();
| /* The GNU C library defines this for functions which it implements
|     to always fail with ENOSYS.  Some functions are actually named
|     something starting with __ and the normal name is an alias.  */
| #if defined __stub_ieee_handler || defined __stub___ieee_handler
| choke me
| #endif
| 
| int
| main ()
| {
| return ieee_handler ();
|   ;
|   return 0;
| }
configure:12079: result: no
configure:11999: checking for fpsetmask
configure:12055: gcc -o conftest    conftest.c -lreadline -lcurses -lbfd -liberty -lutil -ldl -lm  >&5
/tmp/ccI572GV.o: In function `main':
conftest.c:(.text+0xa): undefined reference to `fpsetmask'
collect2: ld returned 1 exit status
configure:12061: $? = 1
configure: failed program was:
| /* confdefs.h.  */
| #define PACKAGE_NAME "lush"
| #define PACKAGE_TARNAME "lush"
| #define PACKAGE_VERSION "1.0"
| #define PACKAGE_STRING "lush 1.0"
| #define PACKAGE_BUGREPORT ""
| #define HAVE_COMPLEX 1
| #define HAVE_LIBM 1
| #define HAVE_LIBDL 1
| #define HAVE_LIBUTIL 1
| #define HAVE_LIBIBERTY 1
| #define STDC_HEADERS 1
| #define HAVE_SYS_TYPES_H 1
| #define HAVE_SYS_STAT_H 1
| #define HAVE_STDLIB_H 1
| #define HAVE_STRING_H 1
| #define HAVE_MEMORY_H 1
| #define HAVE_STRINGS_H 1
| #define HAVE_INTTYPES_H 1
| #define HAVE_STDINT_H 1
| #define HAVE_UNISTD_H 1
| #define HAVE_LIBBFD 1
| #define HAVE_PTHREAD 1
| #define HAVE_LIBCURSES 1
| #define HAVE_LIBREADLINE 1
| #define STDC_HEADERS 1
| #define HAVE_DIRENT_H 1
| #define TIME_WITH_SYS_TIME 1
| #define HAVE_SYS_WAIT_H 1
| #define HAVE_WCHAR_H 1
| #define HAVE_WCTYPE_H 1
| #define HAVE_LANGINFO_H 1
| #define HAVE_ICONV_H 1
| #define HAVE_MEMORY_H 1
| #define HAVE_STRING_H 1
| #define HAVE_STRINGS_H 1
| #define HAVE_LIMITS_H 1
| #define HAVE_ALLOCA_H 1
| #define HAVE_UNISTD_H 1
| #define HAVE_SYS_MMAN_H 1
| #define HAVE_TERMIOS_H 1
| #define HAVE_PTY_H 1
| #define HAVE_DLFCN_H 1
| #define HAVE_FPU_CONTROL_H 1
| #define HAVE_FENV_H 1
| #define HAVE_STROPTS_H 1
| #define HAVE_SYS_STROPTS_H 1
| #define HAVE_SYS_SELECT_H 1
| #define HAVE_SYS_TYPES_H 1
| #define HAVE_SYS_TIME_H 1
| #define HAVE_SYS_TIMEB_H 1
| #define HAVE_LOCALE_H 1
| #define HAVE_BFD_H 1
| #define HAVE_READLINE_READLINE_H 1
| #define HAVE_READLINE_HISTORY_H 1
| #define RETSIGTYPE void
| #define HAVE_LONG_LONG_INT 1
| #define HAVE_WCHAR_T 1
| #define HAVE_WINT_T 1
| #define HAVE_MBSTATE_T 1
| #define HAVE_STDLIB_H 1
| #define HAVE_UNISTD_H 1
| #define HAVE_GETPAGESIZE 1
| #define HAVE_MMAP 1
| #define HAVE_FORK 1
| #define HAVE_VFORK 1
| #define HAVE_WORKING_VFORK 1
| #define HAVE_WORKING_FORK 1
| #define HAVE_STRFTIME 1
| #define HAVE_STRCHR 1
| #define HAVE_MEMCPY 1
| #define HAVE_SIGACTION 1
| #define HAVE_SIGVEC 1
| #define HAVE_STRERROR 1
| #define HAVE_GETCWD 1
| #define HAVE_FEENABLEEXCEPT 1
| /* end confdefs.h.  */
| /* Define fpsetmask to an innocuous variant, in case <limits.h> declares fpsetmask.
|    For example, HP-UX 11i <limits.h> declares gettimeofday.  */
| #define fpsetmask innocuous_fpsetmask
| 
| /* System header to define __stub macros and hopefully few prototypes,
|     which can conflict with char fpsetmask (); below.
|     Prefer <limits.h> to <assert.h> if __STDC__ is defined, since
|     <limits.h> exists even on freestanding compilers.  */
| 
| #ifdef __STDC__
| # include <limits.h>
| #else
| # include <assert.h>
| #endif
| 
| #undef fpsetmask
| 
| /* Override any GCC internal prototype to avoid an error.
|    Use char because int might match the return type of a GCC
|    builtin and then its argument prototype would still apply.  */
| #ifdef __cplusplus
| extern "C"
| #endif
| char fpsetmask ();
| /* The GNU C library defines this for functions which it implements
|     to always fail with ENOSYS.  Some functions are actually named
|     something starting with __ and the normal name is an alias.  */
| #if defined __stub_fpsetmask || defined __stub___fpsetmask
| choke me
| #endif
| 
| int
| main ()
| {
| return fpsetmask ();
|   ;
|   return 0;
| }
configure:12079: result: no
configure:11999: checking for __setfpucw
configure:12055: gcc -o conftest    conftest.c -lreadline -lcurses -lbfd -liberty -lutil -ldl -lm  >&5
/tmp/ccQ5NF5Y.o: In function `main':
conftest.c:(.text+0xa): undefined reference to `__setfpucw'
collect2: ld returned 1 exit status
configure:12061: $? = 1
configure: failed program was:
| /* confdefs.h.  */
| #define PACKAGE_NAME "lush"
| #define PACKAGE_TARNAME "lush"
| #define PACKAGE_VERSION "1.0"
| #define PACKAGE_STRING "lush 1.0"
| #define PACKAGE_BUGREPORT ""
| #define HAVE_COMPLEX 1
| #define HAVE_LIBM 1
| #define HAVE_LIBDL 1
| #define HAVE_LIBUTIL 1
| #define HAVE_LIBIBERTY 1
| #define STDC_HEADERS 1
| #define HAVE_SYS_TYPES_H 1
| #define HAVE_SYS_STAT_H 1
| #define HAVE_STDLIB_H 1
| #define HAVE_STRING_H 1
| #define HAVE_MEMORY_H 1
| #define HAVE_STRINGS_H 1
| #define HAVE_INTTYPES_H 1
| #define HAVE_STDINT_H 1
| #define HAVE_UNISTD_H 1
| #define HAVE_LIBBFD 1
| #define HAVE_PTHREAD 1
| #define HAVE_LIBCURSES 1
| #define HAVE_LIBREADLINE 1
| #define STDC_HEADERS 1
| #define HAVE_DIRENT_H 1
| #define TIME_WITH_SYS_TIME 1
| #define HAVE_SYS_WAIT_H 1
| #define HAVE_WCHAR_H 1
| #define HAVE_WCTYPE_H 1
| #define HAVE_LANGINFO_H 1
| #define HAVE_ICONV_H 1
| #define HAVE_MEMORY_H 1
| #define HAVE_STRING_H 1
| #define HAVE_STRINGS_H 1
| #define HAVE_LIMITS_H 1
| #define HAVE_ALLOCA_H 1
| #define HAVE_UNISTD_H 1
| #define HAVE_SYS_MMAN_H 1
| #define HAVE_TERMIOS_H 1
| #define HAVE_PTY_H 1
| #define HAVE_DLFCN_H 1
| #define HAVE_FPU_CONTROL_H 1
| #define HAVE_FENV_H 1
| #define HAVE_STROPTS_H 1
| #define HAVE_SYS_STROPTS_H 1
| #define HAVE_SYS_SELECT_H 1
| #define HAVE_SYS_TYPES_H 1
| #define HAVE_SYS_TIME_H 1
| #define HAVE_SYS_TIMEB_H 1
| #define HAVE_LOCALE_H 1
| #define HAVE_BFD_H 1
| #define HAVE_READLINE_READLINE_H 1
| #define HAVE_READLINE_HISTORY_H 1
| #define RETSIGTYPE void
| #define HAVE_LONG_LONG_INT 1
| #define HAVE_WCHAR_T 1
| #define HAVE_WINT_T 1
| #define HAVE_MBSTATE_T 1
| #define HAVE_STDLIB_H 1
| #define HAVE_UNISTD_H 1
| #define HAVE_GETPAGESIZE 1
| #define HAVE_MMAP 1
| #define HAVE_FORK 1
| #define HAVE_VFORK 1
| #define HAVE_WORKING_VFORK 1
| #define HAVE_WORKING_FORK 1
| #define HAVE_STRFTIME 1
| #define HAVE_STRCHR 1
| #define HAVE_MEMCPY 1
| #define HAVE_SIGACTION 1
| #define HAVE_SIGVEC 1
| #define HAVE_STRERROR 1
| #define HAVE_GETCWD 1
| #define HAVE_FEENABLEEXCEPT 1
| /* end confdefs.h.  */
| /* Define __setfpucw to an innocuous variant, in case <limits.h> declares __setfpucw.
|    For example, HP-UX 11i <limits.h> declares gettimeofday.  */
| #define __setfpucw innocuous___setfpucw
| 
| /* System header to define __stub macros and hopefully few prototypes,
|     which can conflict with char __setfpucw (); below.
|     Prefer <limits.h> to <assert.h> if __STDC__ is defined, since
|     <limits.h> exists even on freestanding compilers.  */
| 
| #ifdef __STDC__
| # include <limits.h>
| #else
| # include <assert.h>
| #endif
| 
| #undef __setfpucw
| 
| /* Override any GCC internal prototype to avoid an error.
|    Use char because int might match the return type of a GCC
|    builtin and then its argument prototype would still apply.  */
| #ifdef __cplusplus
| extern "C"
| #endif
| char __setfpucw ();
| /* The GNU C library defines this for functions which it implements
|     to always fail with ENOSYS.  Some functions are actually named
|     something starting with __ and the normal name is an alias.  */
| #if defined __stub___setfpucw || defined __stub_____setfpucw
| choke me
| #endif
| 
| int
| main ()
| {
| return __setfpucw ();
|   ;
|   return 0;
| }
configure:12079: result: no
configure:12098: checking for tanh
configure:12154: gcc -o conftest    conftest.c -lreadline -lcurses -lbfd -liberty -lutil -ldl -lm  >&5
conftest.c:101:6: warning: conflicting types for built-in function 'tanh' [enabled by default]
configure:12160: $? = 0
configure:12178: result: yes
configure:12098: checking for sincos
configure:12154: gcc -o conftest    conftest.c -lreadline -lcurses -lbfd -liberty -lutil -ldl -lm  >&5
conftest.c:102:6: warning: conflicting types for built-in function 'sincos' [enabled by default]
configure:12160: $? = 0
configure:12178: result: yes
configure:12098: checking for dlopen
configure:12154: gcc -o conftest    conftest.c -lreadline -lcurses -lbfd -liberty -lutil -ldl -lm  >&5
configure:12160: $? = 0
configure:12178: result: yes
configure:12098: checking for sigsetjmp
configure:12154: gcc -o conftest    conftest.c -lreadline -lcurses -lbfd -liberty -lutil -ldl -lm  >&5
/tmp/cchL5cYn.o: In function `main':
conftest.c:(.text+0xa): undefined reference to `sigsetjmp'
collect2: ld returned 1 exit status
configure:12160: $? = 1
configure: failed program was:
| /* confdefs.h.  */
| #define PACKAGE_NAME "lush"
| #define PACKAGE_TARNAME "lush"
| #define PACKAGE_VERSION "1.0"
| #define PACKAGE_STRING "lush 1.0"
| #define PACKAGE_BUGREPORT ""
| #define HAVE_COMPLEX 1
| #define HAVE_LIBM 1
| #define HAVE_LIBDL 1
| #define HAVE_LIBUTIL 1
| #define HAVE_LIBIBERTY 1
| #define STDC_HEADERS 1
| #define HAVE_SYS_TYPES_H 1
| #define HAVE_SYS_STAT_H 1
| #define HAVE_STDLIB_H 1
| #define HAVE_STRING_H 1
| #define HAVE_MEMORY_H 1
| #define HAVE_STRINGS_H 1
| #define HAVE_INTTYPES_H 1
| #define HAVE_STDINT_H 1
| #define HAVE_UNISTD_H 1
| #define HAVE_LIBBFD 1
| #define HAVE_PTHREAD 1
| #define HAVE_LIBCURSES 1
| #define HAVE_LIBREADLINE 1
| #define STDC_HEADERS 1
| #define HAVE_DIRENT_H 1
| #define TIME_WITH_SYS_TIME 1
| #define HAVE_SYS_WAIT_H 1
| #define HAVE_WCHAR_H 1
| #define HAVE_WCTYPE_H 1
| #define HAVE_LANGINFO_H 1
| #define HAVE_ICONV_H 1
| #define HAVE_MEMORY_H 1
| #define HAVE_STRING_H 1
| #define HAVE_STRINGS_H 1
| #define HAVE_LIMITS_H 1
| #define HAVE_ALLOCA_H 1
| #define HAVE_UNISTD_H 1
| #define HAVE_SYS_MMAN_H 1
| #define HAVE_TERMIOS_H 1
| #define HAVE_PTY_H 1
| #define HAVE_DLFCN_H 1
| #define HAVE_FPU_CONTROL_H 1
| #define HAVE_FENV_H 1
| #define HAVE_STROPTS_H 1
| #define HAVE_SYS_STROPTS_H 1
| #define HAVE_SYS_SELECT_H 1
| #define HAVE_SYS_TYPES_H 1
| #define HAVE_SYS_TIME_H 1
| #define HAVE_SYS_TIMEB_H 1
| #define HAVE_LOCALE_H 1
| #define HAVE_BFD_H 1
| #define HAVE_READLINE_READLINE_H 1
| #define HAVE_READLINE_HISTORY_H 1
| #define RETSIGTYPE void
| #define HAVE_LONG_LONG_INT 1
| #define HAVE_WCHAR_T 1
| #define HAVE_WINT_T 1
| #define HAVE_MBSTATE_T 1
| #define HAVE_STDLIB_H 1
| #define HAVE_UNISTD_H 1
| #define HAVE_GETPAGESIZE 1
| #define HAVE_MMAP 1
| #define HAVE_FORK 1
| #define HAVE_VFORK 1
| #define HAVE_WORKING_VFORK 1
| #define HAVE_WORKING_FORK 1
| #define HAVE_STRFTIME 1
| #define HAVE_STRCHR 1
| #define HAVE_MEMCPY 1
| #define HAVE_SIGACTION 1
| #define HAVE_SIGVEC 1
| #define HAVE_STRERROR 1
| #define HAVE_GETCWD 1
| #define HAVE_FEENABLEEXCEPT 1
| #define HAVE_TANH 1
| #define HAVE_SINCOS 1
| #define HAVE_DLOPEN 1
| /* end confdefs.h.  */
| /* Define sigsetjmp to an innocuous variant, in case <limits.h> declares sigsetjmp.
|    For example, HP-UX 11i <limits.h> declares gettimeofday.  */
| #define sigsetjmp innocuous_sigsetjmp
| 
| /* System header to define __stub macros and hopefully few prototypes,
|     which can conflict with char sigsetjmp (); below.
|     Prefer <limits.h> to <assert.h> if __STDC__ is defined, since
|     <limits.h> exists even on freestanding compilers.  */
| 
| #ifdef __STDC__
| # include <limits.h>
| #else
| # include <assert.h>
| #endif
| 
| #undef sigsetjmp
| 
| /* Override any GCC internal prototype to avoid an error.
|    Use char because int might match the return type of a GCC
|    builtin and then its argument prototype would still apply.  */
| #ifdef __cplusplus
| extern "C"
| #endif
| char sigsetjmp ();
| /* The GNU C library defines this for functions which it implements
|     to always fail with ENOSYS.  Some functions are actually named
|     something starting with __ and the normal name is an alias.  */
| #if defined __stub_sigsetjmp || defined __stub___sigsetjmp
| choke me
| #endif
| 
| int
| main ()
| {
| return sigsetjmp ();
|   ;
|   return 0;
| }
configure:12178: result: no
configure:12098: checking for waitpid
configure:12154: gcc -o conftest    conftest.c -lreadline -lcurses -lbfd -liberty -lutil -ldl -lm  >&5
configure:12160: $? = 0
configure:12178: result: yes
configure:12098: checking for openpty
configure:12154: gcc -o conftest    conftest.c -lreadline -lcurses -lbfd -liberty -lutil -ldl -lm  >&5
configure:12160: $? = 0
configure:12178: result: yes
configure:12196: checking for mprotect
configure:12252: gcc -o conftest    conftest.c -lreadline -lcurses -lbfd -liberty -lutil -ldl -lm  >&5
configure:12258: $? = 0
configure:12276: result: yes
configure:12196: checking for getpagesize
configure:12276: result: yes
configure:12196: checking for gettimeofday
configure:12252: gcc -o conftest    conftest.c -lreadline -lcurses -lbfd -liberty -lutil -ldl -lm  >&5
configure:12258: $? = 0
configure:12276: result: yes
configure:12196: checking for ftime
configure:12252: gcc -o conftest    conftest.c -lreadline -lcurses -lbfd -liberty -lutil -ldl -lm  >&5
configure:12258: $? = 0
configure:12276: result: yes
configure:12196: checking for cfree
configure:12252: gcc -o conftest    conftest.c -lreadline -lcurses -lbfd -liberty -lutil -ldl -lm  >&5
configure:12258: $? = 0
configure:12276: result: yes
configure:12294: checking for gethostbyname
configure:12374: result: yes
configure:12294: checking for flockfile
configure:12350: gcc -o conftest    conftest.c -lreadline -lcurses -lbfd -liberty -lutil -ldl -lm  >&5
configure:12356: $? = 0
configure:12374: result: yes
configure:12294: checking for sysconf
configure:12350: gcc -o conftest    conftest.c -lreadline -lcurses -lbfd -liberty -lutil -ldl -lm  >&5
configure:12356: $? = 0
configure:12374: result: yes
configure:12294: checking for fpathconf
configure:12350: gcc -o conftest    conftest.c -lreadline -lcurses -lbfd -liberty -lutil -ldl -lm  >&5
configure:12356: $? = 0
configure:12374: result: yes
configure:12294: checking for tcsetattr
configure:12350: gcc -o conftest    conftest.c -lreadline -lcurses -lbfd -liberty -lutil -ldl -lm  >&5
configure:12356: $? = 0
configure:12374: result: yes
configure:12391: checking for setenv
configure:12447: gcc -o conftest    conftest.c -lreadline -lcurses -lbfd -liberty -lutil -ldl -lm  >&5
configure:12453: $? = 0
configure:12471: result: yes
configure:12391: checking for putenv
configure:12447: gcc -o conftest    conftest.c -lreadline -lcurses -lbfd -liberty -lutil -ldl -lm  >&5
configure:12453: $? = 0
configure:12471: result: yes
configure:12391: checking for fseeko
configure:12447: gcc -o conftest    conftest.c -lreadline -lcurses -lbfd -liberty -lutil -ldl -lm  >&5
configure:12453: $? = 0
configure:12471: result: yes
configure:12391: checking for ftello
configure:12447: gcc -o conftest    conftest.c -lreadline -lcurses -lbfd -liberty -lutil -ldl -lm  >&5
configure:12453: $? = 0
configure:12471: result: yes
configure:12482: checking whether mbrtowc and mbstate_t are properly declared
configure:12512: gcc -o conftest    conftest.c -lreadline -lcurses -lbfd -liberty -lutil -ldl -lm  >&5
configure:12518: $? = 0
configure:12535: result: yes
configure:12550: checking for setlocale
configure:12606: gcc -o conftest    conftest.c -lreadline -lcurses -lbfd -liberty -lutil -ldl -lm  >&5
configure:12612: $? = 0
configure:12630: result: yes
configure:12550: checking for nl_langinfo
configure:12606: gcc -o conftest    conftest.c -lreadline -lcurses -lbfd -liberty -lutil -ldl -lm  >&5
configure:12612: $? = 0
configure:12630: result: yes
configure:12643: checking for iconv
configure:12667: gcc -o conftest    conftest.c -lreadline -lcurses -lbfd -liberty -lutil -ldl -lm  >&5
configure:12673: $? = 0
configure:12689: result: yes
configure:12933: creating ./config.status

## ---------------------- ##
## Running config.status. ##
## ---------------------- ##

This file was extended by lush config.status 1.0, which was
generated by GNU Autoconf 2.61.  Invocation command line was

  CONFIG_FILES    = 
  CONFIG_HEADERS  = 
  CONFIG_LINKS    = 
  CONFIG_COMMANDS = 
  $ ./config.status 

on zemac

config.status:640: creating Makefile
config.status:640: creating src/Makefile
config.status:640: creating include/lushmake.h
config.status:640: creating include/lushconf.h

## ---------------- ##
## Cache variables. ##
## ---------------- ##

ac_cv_build=x86_64-unknown-linux-gnu
ac_cv_c_compiler_gnu=yes
ac_cv_cc_complex=yes
ac_cv_cc_xft=no
ac_cv_cxx_compiler_gnu=yes
ac_cv_env_CCC_set=
ac_cv_env_CCC_value=
ac_cv_env_CC_set=
ac_cv_env_CC_value=
ac_cv_env_CFLAGS_set=
ac_cv_env_CFLAGS_value=
ac_cv_env_CPPFLAGS_set=
ac_cv_env_CPPFLAGS_value=
ac_cv_env_CPP_set=
ac_cv_env_CPP_value=
ac_cv_env_CXXFLAGS_set=
ac_cv_env_CXXFLAGS_value=
ac_cv_env_CXX_set=
ac_cv_env_CXX_value=
ac_cv_env_F77_set=
ac_cv_env_F77_value=
ac_cv_env_FFLAGS_set=
ac_cv_env_FFLAGS_value=
ac_cv_env_LDFLAGS_set=
ac_cv_env_LDFLAGS_value=
ac_cv_env_LIBS_set=
ac_cv_env_LIBS_value=
ac_cv_env_OPTS_set=
ac_cv_env_OPTS_value=
ac_cv_env_PTHREAD_FLAGS_set=
ac_cv_env_PTHREAD_FLAGS_value=
ac_cv_env_PTHREAD_LIBS_set=
ac_cv_env_PTHREAD_LIBS_value=
ac_cv_env_XMKMF_set=
ac_cv_env_XMKMF_value=
ac_cv_env_build_alias_set=
ac_cv_env_build_alias_value=
ac_cv_env_host_alias_set=
ac_cv_env_host_alias_value=
ac_cv_env_target_alias_set=
ac_cv_env_target_alias_value=
ac_cv_f77_compiler_gnu=no
ac_cv_func_NSLinkModule=no
ac_cv_func___setfpucw=no
ac_cv_func_cfree=yes
ac_cv_func_connect=yes
ac_cv_func_dlopen=yes
ac_cv_func_feenableexcept=yes
ac_cv_func_flockfile=yes
ac_cv_func_fork=yes
ac_cv_func_fork_works=yes
ac_cv_func_fpathconf=yes
ac_cv_func_fpsetmask=no
ac_cv_func_fseeko=yes
ac_cv_func_ftello=yes
ac_cv_func_ftime=yes
ac_cv_func_getcwd=yes
ac_cv_func_gethostbyname=yes
ac_cv_func_getpagesize=yes
ac_cv_func_gettimeofday=yes
ac_cv_func_ieee_handler=no
ac_cv_func_mbrtowc=yes
ac_cv_func_memcpy=yes
ac_cv_func_mmap_fixed_mapped=yes
ac_cv_func_mprotect=yes
ac_cv_func_nl_langinfo=yes
ac_cv_func_openpty=yes
ac_cv_func_putenv=yes
ac_cv_func_remove=yes
ac_cv_func_setenv=yes
ac_cv_func_setlocale=yes
ac_cv_func_shmat=yes
ac_cv_func_sigaction=yes
ac_cv_func_sigsetjmp=no
ac_cv_func_sigvec=yes
ac_cv_func_sincos=yes
ac_cv_func_strchr=yes
ac_cv_func_strerror=yes
ac_cv_func_strftime=yes
ac_cv_func_sysconf=yes
ac_cv_func_tanh=yes
ac_cv_func_tcsetattr=yes
ac_cv_func_vfork=yes
ac_cv_func_vfork_works=yes
ac_cv_func_waitpid=yes
ac_cv_have_x='have_x=yes	ac_x_includes='\'''\''	ac_x_libraries='\'''\'''
ac_cv_header_alloca_h=yes
ac_cv_header_bfd_h=yes
ac_cv_header_dirent_dirent_h=yes
ac_cv_header_dl_h=no
ac_cv_header_dlfcn_h=yes
ac_cv_header_fenv_h=yes
ac_cv_header_fpu_control_h=yes
ac_cv_header_iconv_h=yes
ac_cv_header_ieeefp_h=no
ac_cv_header_inttypes_h=yes
ac_cv_header_langinfo_h=yes
ac_cv_header_limits_h=yes
ac_cv_header_locale_h=yes
ac_cv_header_memory_h=yes
ac_cv_header_pthread_h=yes
ac_cv_header_pty_h=yes
ac_cv_header_readline_history_h=yes
ac_cv_header_readline_readline_h=yes
ac_cv_header_stdc=yes
ac_cv_header_stdint_h=yes
ac_cv_header_stdlib_h=yes
ac_cv_header_string_h=yes
ac_cv_header_strings_h=yes
ac_cv_header_stropts_h=yes
ac_cv_header_sys_mman_h=yes
ac_cv_header_sys_select_h=yes
ac_cv_header_sys_stat_h=yes
ac_cv_header_sys_stropts_h=yes
ac_cv_header_sys_time_h=yes
ac_cv_header_sys_timeb_h=yes
ac_cv_header_sys_ttold_h=no
ac_cv_header_sys_types_h=yes
ac_cv_header_sys_wait_h=yes
ac_cv_header_termios_h=yes
ac_cv_header_time=yes
ac_cv_header_unistd_h=yes
ac_cv_header_util_h=no
ac_cv_header_vfork_h=no
ac_cv_header_wchar_h=yes
ac_cv_header_wctype_h=yes
ac_cv_host=x86_64-unknown-linux-gnu
ac_cv_lib_ICE_IceConnectionNumber=yes
ac_cv_lib_bfd_bfd_init=yes
ac_cv_lib_curses_tputs=yes
ac_cv_lib_dl_dlopen=yes
ac_cv_lib_dld_shl_load=no
ac_cv_lib_iberty_xmalloc=yes
ac_cv_lib_iconv_libiconv_open=no
ac_cv_lib_intl_dcgettext=no
ac_cv_lib_m_sqrt=yes
ac_cv_lib_readline_readline=yes
ac_cv_lib_util_openpty=yes
ac_cv_objext=o
ac_cv_path_AR=/usr/bin/ar
ac_cv_path_CP=/bin/cp
ac_cv_path_EGREP='/bin/grep -E'
ac_cv_path_GREP=/bin/grep
ac_cv_path_INDENT=/usr/bin/indent
ac_cv_path_MV=/bin/mv
ac_cv_path_PKGCONFIG=/usr/bin/pkg-config
ac_cv_path_RM=/bin/rm
ac_cv_path_TOUCH=/usr/bin/touch
ac_cv_path_install='/usr/bin/install -c'
ac_cv_prog_CPP='gcc -E'
ac_cv_prog_ac_ct_CC=gcc
ac_cv_prog_ac_ct_CXX=g++
ac_cv_prog_ac_ct_RANLIB=ranlib
ac_cv_prog_cc_c89=
ac_cv_prog_cc_g=yes
ac_cv_prog_cxx_g=yes
ac_cv_prog_f77_g=no
ac_cv_prog_make_make_set=yes
ac_cv_search_opendir='none required'
ac_cv_sys_file_offset_bits=no
ac_cv_sys_largefile_CC=no
ac_cv_type_long_long_int=yes
ac_cv_type_mbstate_t=yes
ac_cv_type_mode_t=yes
ac_cv_type_off_t=yes
ac_cv_type_pid_t=yes
ac_cv_type_signal=void
ac_cv_type_size_t=yes
ac_cv_type_wchar_t=yes
ac_cv_type_wint_t=yes

## ----------------- ##
## Output variables. ##
## ----------------- ##

AR='/usr/bin/ar'
BFD_YES=''
CC='gcc'
CC_EXP_FLAG='-Wl,-export-dynamic'
CC_PIC_FLAG='-fPIC'
CFLAGS=''
CP='/bin/cp'
CPP='gcc -E'
CPPFLAGS=''
CPP_YES=''
CXX='g++'
CXXFLAGS='-g -O2'
DEFS='-DHAVE_CONFIG_H'
ECHO_C=''
ECHO_N='-n'
ECHO_T=''
EGREP='/bin/grep -E'
EXEEXT=''
F77=''
FFLAGS=''
GCC='yes'
GREP='/bin/grep'
INDENT='/usr/bin/indent'
INSTALL_DATA='${INSTALL} -m 644'
INSTALL_PROGRAM='${INSTALL}'
INSTALL_SCRIPT='${INSTALL}'
LDCC='g++'
LDFLAGS=''
LIBOBJS=''
LIBS='-lreadline -lcurses -lbfd -liberty -lutil -ldl -lm '
LN_S='ln -s'
LTLIBOBJS=''
MAKESO='g++ -shared -o'
MV='/bin/mv'
OBJEXT='o'
OPTS='-DNO_DEBUG -Wall -O3 -march=nocona'
PACKAGE_BUGREPORT=''
PACKAGE_NAME='lush'
PACKAGE_STRING='lush 1.0'
PACKAGE_TARNAME='lush'
PACKAGE_VERSION='1.0'
PATH_SEPARATOR=':'
PKGCONFIG='/usr/bin/pkg-config'
PTHREAD_FLAGS='-pthread'
PTHREAD_LIBS=''
RANLIB='ranlib'
RM='/bin/rm'
SET_MAKE=''
SHELL='/bin/bash'
SOEXT='so'
TOUCH='/usr/bin/touch'
UNIX_YES=''
WIN32_YES='#'
XMKMF=''
X_CFLAGS=''
X_EXTRA_LIBS=''
X_LIBS='  -lSM -lICE -lX11 '
X_PRE_LIBS=' -lSM -lICE'
X_YES=''
ac_ct_CC='gcc'
ac_ct_CXX='g++'
ac_ct_F77=''
bindir='${exec_prefix}/bin'
build='x86_64-unknown-linux-gnu'
build_alias=''
build_cpu='x86_64'
build_os='linux-gnu'
build_vendor='unknown'
datadir='${datarootdir}'
datarootdir='${prefix}/share'
docdir='${datarootdir}/doc/${PACKAGE_TARNAME}'
dvidir='${docdir}'
exec_prefix='${prefix}'
host='x86_64-unknown-linux-gnu'
host_alias=''
host_cpu='nocona'
host_os='linux-gnu'
host_vendor='unknown'
htmldir='${docdir}'
includedir='${prefix}/include'
infodir='${datarootdir}/info'
libdir='${exec_prefix}/lib'
libexecdir='${exec_prefix}/libexec'
localedir='${datarootdir}/locale'
localstatedir='${prefix}/var'
mandir='${datarootdir}/man'
oldincludedir='/usr/include'
pdfdir='${docdir}'
prefix='/usr/local'
program_transform_name='s,x,x,'
psdir='${docdir}'
sbindir='${exec_prefix}/sbin'
sharedstatedir='${prefix}/com'
sysconfdir='${prefix}/etc'
target_alias=''

## ----------- ##
## confdefs.h. ##
## ----------- ##

#define PACKAGE_NAME "lush"
#define PACKAGE_TARNAME "lush"
#define PACKAGE_VERSION "1.0"
#define PACKAGE_STRING "lush 1.0"
#define PACKAGE_BUGREPORT ""
#define HAVE_COMPLEX 1
#define HAVE_LIBM 1
#define HAVE_LIBDL 1
#define HAVE_LIBUTIL 1
#define HAVE_LIBIBERTY 1
#define STDC_HEADERS 1
#define HAVE_SYS_TYPES_H 1
#define HAVE_SYS_STAT_H 1
#define HAVE_STDLIB_H 1
#define HAVE_STRING_H 1
#define HAVE_MEMORY_H 1
#define HAVE_STRINGS_H 1
#define HAVE_INTTYPES_H 1
#define HAVE_STDINT_H 1
#define HAVE_UNISTD_H 1
#define HAVE_LIBBFD 1
#define HAVE_PTHREAD 1
#define HAVE_LIBCURSES 1
#define HAVE_LIBREADLINE 1
#define STDC_HEADERS 1
#define HAVE_DIRENT_H 1
#define TIME_WITH_SYS_TIME 1
#define HAVE_SYS_WAIT_H 1
#define HAVE_WCHAR_H 1
#define HAVE_WCTYPE_H 1
#define HAVE_LANGINFO_H 1
#define HAVE_ICONV_H 1
#define HAVE_MEMORY_H 1
#define HAVE_STRING_H 1
#define HAVE_STRINGS_H 1
#define HAVE_LIMITS_H 1
#define HAVE_ALLOCA_H 1
#define HAVE_UNISTD_H 1
#define HAVE_SYS_MMAN_H 1
#define HAVE_TERMIOS_H 1
#define HAVE_PTY_H 1
#define HAVE_DLFCN_H 1
#define HAVE_FPU_CONTROL_H 1
#define HAVE_FENV_H 1
#define HAVE_STROPTS_H 1
#define HAVE_SYS_STROPTS_H 1
#define HAVE_SYS_SELECT_H 1
#define HAVE_SYS_TYPES_H 1
#define HAVE_SYS_TIME_H 1
#define HAVE_SYS_TIMEB_H 1
#define HAVE_LOCALE_H 1
#define HAVE_BFD_H 1
#define HAVE_READLINE_READLINE_H 1
#define HAVE_READLINE_HISTORY_H 1
#define RETSIGTYPE void
#define HAVE_LONG_LONG_INT 1
#define HAVE_WCHAR_T 1
#define HAVE_WINT_T 1
#define HAVE_MBSTATE_T 1
#define HAVE_STDLIB_H 1
#define HAVE_UNISTD_H 1
#define HAVE_GETPAGESIZE 1
#define HAVE_MMAP 1
#define HAVE_FORK 1
#define HAVE_VFORK 1
#define HAVE_WORKING_VFORK 1
#define HAVE_WORKING_FORK 1
#define HAVE_STRFTIME 1
#define HAVE_STRCHR 1
#define HAVE_MEMCPY 1
#define HAVE_SIGACTION 1
#define HAVE_SIGVEC 1
#define HAVE_STRERROR 1
#define HAVE_GETCWD 1
#define HAVE_FEENABLEEXCEPT 1
#define HAVE_TANH 1
#define HAVE_SINCOS 1
#define HAVE_DLOPEN 1
#define HAVE_WAITPID 1
#define HAVE_OPENPTY 1
#define HAVE_MPROTECT 1
#define HAVE_GETPAGESIZE 1
#define HAVE_GETTIMEOFDAY 1
#define HAVE_FTIME 1
#define HAVE_CFREE 1
#define HAVE_GETHOSTBYNAME 1
#define HAVE_FLOCKFILE 1
#define HAVE_SYSCONF 1
#define HAVE_FPATHCONF 1
#define HAVE_TCSETATTR 1
#define HAVE_SETENV 1
#define HAVE_PUTENV 1
#define HAVE_FSEEKO 1
#define HAVE_FTELLO 1
#define HAVE_MBRTOWC 1
#define HAVE_SETLOCALE 1
#define HAVE_NL_LANGINFO 1
#define HAVE_ICONV 1
#define EXT_DLL ".so"
#define EXT_OBJ ".o"
#define DIR_PREFIX "/usr/local"
#define DIR_EXEC_PREFIX "/usr/local"
#define DIR_BINDIR "/usr/local/bin"
#define DIR_LIBDIR "/usr/local/lib"
#define DIR_DATADIR "${prefix}/share"
#define DIR_MANDIR "${prefix}/share/man"

configure: exit 0
